[2025-12-15T10:46:39.238+0000] {processor.py:186} INFO - Started process (PID=912) to work on /opt/airflow/dags/cdc_to_dwh.py
[2025-12-15T10:46:39.239+0000] {processor.py:914} INFO - Processing file /opt/airflow/dags/cdc_to_dwh.py for tasks to queue
[2025-12-15T10:46:39.242+0000] {logging_mixin.py:190} INFO - [2025-12-15T10:46:39.241+0000] {dagbag.py:587} INFO - Filling up the DagBag from /opt/airflow/dags/cdc_to_dwh.py
[2025-12-15T10:46:39.253+0000] {processor.py:925} INFO - DAG(s) 'cdc_to_dwh' retrieved from /opt/airflow/dags/cdc_to_dwh.py
[2025-12-15T10:46:39.268+0000] {logging_mixin.py:190} INFO - [2025-12-15T10:46:39.268+0000] {dag.py:3211} INFO - Sync 1 DAGs
[2025-12-15T10:46:39.281+0000] {logging_mixin.py:190} INFO - [2025-12-15T10:46:39.281+0000] {dag.py:4138} INFO - Setting next_dagrun for cdc_to_dwh to 2025-12-15 10:30:00+00:00, run_after=2025-12-15 10:40:00+00:00
[2025-12-15T10:46:39.294+0000] {processor.py:208} INFO - Processing /opt/airflow/dags/cdc_to_dwh.py took 0.062 seconds
[2025-12-15T10:47:09.929+0000] {processor.py:186} INFO - Started process (PID=916) to work on /opt/airflow/dags/cdc_to_dwh.py
[2025-12-15T10:47:09.931+0000] {processor.py:914} INFO - Processing file /opt/airflow/dags/cdc_to_dwh.py for tasks to queue
[2025-12-15T10:47:09.935+0000] {logging_mixin.py:190} INFO - [2025-12-15T10:47:09.935+0000] {dagbag.py:587} INFO - Filling up the DagBag from /opt/airflow/dags/cdc_to_dwh.py
[2025-12-15T10:47:09.943+0000] {processor.py:925} INFO - DAG(s) 'cdc_to_dwh' retrieved from /opt/airflow/dags/cdc_to_dwh.py
[2025-12-15T10:47:09.960+0000] {logging_mixin.py:190} INFO - [2025-12-15T10:47:09.960+0000] {dag.py:3211} INFO - Sync 1 DAGs
[2025-12-15T10:47:09.972+0000] {logging_mixin.py:190} INFO - [2025-12-15T10:47:09.972+0000] {dag.py:4138} INFO - Setting next_dagrun for cdc_to_dwh to 2025-12-15 10:30:00+00:00, run_after=2025-12-15 10:40:00+00:00
[2025-12-15T10:47:09.984+0000] {processor.py:208} INFO - Processing /opt/airflow/dags/cdc_to_dwh.py took 0.062 seconds
[2025-12-15T10:47:40.446+0000] {processor.py:186} INFO - Started process (PID=920) to work on /opt/airflow/dags/cdc_to_dwh.py
[2025-12-15T10:47:40.447+0000] {processor.py:914} INFO - Processing file /opt/airflow/dags/cdc_to_dwh.py for tasks to queue
[2025-12-15T10:47:40.449+0000] {logging_mixin.py:190} INFO - [2025-12-15T10:47:40.449+0000] {dagbag.py:587} INFO - Filling up the DagBag from /opt/airflow/dags/cdc_to_dwh.py
[2025-12-15T10:47:40.469+0000] {processor.py:925} INFO - DAG(s) 'cdc_to_dwh' retrieved from /opt/airflow/dags/cdc_to_dwh.py
[2025-12-15T10:47:40.495+0000] {logging_mixin.py:190} INFO - [2025-12-15T10:47:40.494+0000] {dag.py:3211} INFO - Sync 1 DAGs
[2025-12-15T10:47:40.511+0000] {logging_mixin.py:190} INFO - [2025-12-15T10:47:40.511+0000] {dag.py:4138} INFO - Setting next_dagrun for cdc_to_dwh to 2025-12-15 10:30:00+00:00, run_after=2025-12-15 10:40:00+00:00
[2025-12-15T10:47:40.527+0000] {processor.py:208} INFO - Processing /opt/airflow/dags/cdc_to_dwh.py took 0.085 seconds
[2025-12-15T10:48:10.898+0000] {processor.py:186} INFO - Started process (PID=924) to work on /opt/airflow/dags/cdc_to_dwh.py
[2025-12-15T10:48:10.900+0000] {processor.py:914} INFO - Processing file /opt/airflow/dags/cdc_to_dwh.py for tasks to queue
[2025-12-15T10:48:10.904+0000] {logging_mixin.py:190} INFO - [2025-12-15T10:48:10.903+0000] {dagbag.py:587} INFO - Filling up the DagBag from /opt/airflow/dags/cdc_to_dwh.py
[2025-12-15T10:48:10.920+0000] {processor.py:925} INFO - DAG(s) 'cdc_to_dwh' retrieved from /opt/airflow/dags/cdc_to_dwh.py
[2025-12-15T10:48:10.939+0000] {logging_mixin.py:190} INFO - [2025-12-15T10:48:10.939+0000] {dag.py:3211} INFO - Sync 1 DAGs
[2025-12-15T10:48:10.953+0000] {logging_mixin.py:190} INFO - [2025-12-15T10:48:10.953+0000] {dag.py:4138} INFO - Setting next_dagrun for cdc_to_dwh to 2025-12-15 10:30:00+00:00, run_after=2025-12-15 10:40:00+00:00
[2025-12-15T10:48:10.967+0000] {processor.py:208} INFO - Processing /opt/airflow/dags/cdc_to_dwh.py took 0.075 seconds
[2025-12-15T10:48:41.191+0000] {processor.py:186} INFO - Started process (PID=928) to work on /opt/airflow/dags/cdc_to_dwh.py
[2025-12-15T10:48:41.193+0000] {processor.py:914} INFO - Processing file /opt/airflow/dags/cdc_to_dwh.py for tasks to queue
[2025-12-15T10:48:41.199+0000] {logging_mixin.py:190} INFO - [2025-12-15T10:48:41.198+0000] {dagbag.py:587} INFO - Filling up the DagBag from /opt/airflow/dags/cdc_to_dwh.py
[2025-12-15T10:48:41.217+0000] {processor.py:925} INFO - DAG(s) 'cdc_to_dwh' retrieved from /opt/airflow/dags/cdc_to_dwh.py
[2025-12-15T10:48:41.243+0000] {logging_mixin.py:190} INFO - [2025-12-15T10:48:41.243+0000] {dag.py:3211} INFO - Sync 1 DAGs
[2025-12-15T10:48:41.259+0000] {logging_mixin.py:190} INFO - [2025-12-15T10:48:41.259+0000] {dag.py:4138} INFO - Setting next_dagrun for cdc_to_dwh to 2025-12-15 10:30:00+00:00, run_after=2025-12-15 10:40:00+00:00
[2025-12-15T10:48:41.275+0000] {processor.py:208} INFO - Processing /opt/airflow/dags/cdc_to_dwh.py took 0.093 seconds
[2025-12-15T10:49:12.171+0000] {processor.py:186} INFO - Started process (PID=932) to work on /opt/airflow/dags/cdc_to_dwh.py
[2025-12-15T10:49:12.174+0000] {processor.py:914} INFO - Processing file /opt/airflow/dags/cdc_to_dwh.py for tasks to queue
[2025-12-15T10:49:12.179+0000] {logging_mixin.py:190} INFO - [2025-12-15T10:49:12.178+0000] {dagbag.py:587} INFO - Filling up the DagBag from /opt/airflow/dags/cdc_to_dwh.py
[2025-12-15T10:49:12.205+0000] {processor.py:925} INFO - DAG(s) 'cdc_to_dwh' retrieved from /opt/airflow/dags/cdc_to_dwh.py
[2025-12-15T10:49:12.230+0000] {logging_mixin.py:190} INFO - [2025-12-15T10:49:12.230+0000] {dag.py:3211} INFO - Sync 1 DAGs
[2025-12-15T10:49:12.247+0000] {logging_mixin.py:190} INFO - [2025-12-15T10:49:12.247+0000] {dag.py:4138} INFO - Setting next_dagrun for cdc_to_dwh to 2025-12-15 10:30:00+00:00, run_after=2025-12-15 10:40:00+00:00
[2025-12-15T10:49:12.263+0000] {processor.py:208} INFO - Processing /opt/airflow/dags/cdc_to_dwh.py took 0.101 seconds
[2025-12-15T10:49:42.536+0000] {processor.py:186} INFO - Started process (PID=936) to work on /opt/airflow/dags/cdc_to_dwh.py
[2025-12-15T10:49:42.541+0000] {processor.py:914} INFO - Processing file /opt/airflow/dags/cdc_to_dwh.py for tasks to queue
[2025-12-15T10:49:42.557+0000] {logging_mixin.py:190} INFO - [2025-12-15T10:49:42.550+0000] {dagbag.py:587} INFO - Filling up the DagBag from /opt/airflow/dags/cdc_to_dwh.py
[2025-12-15T10:49:42.629+0000] {processor.py:925} INFO - DAG(s) 'cdc_to_dwh' retrieved from /opt/airflow/dags/cdc_to_dwh.py
[2025-12-15T10:49:42.712+0000] {logging_mixin.py:190} INFO - [2025-12-15T10:49:42.711+0000] {dag.py:3211} INFO - Sync 1 DAGs
[2025-12-15T10:49:42.806+0000] {logging_mixin.py:190} INFO - [2025-12-15T10:49:42.806+0000] {dag.py:4138} INFO - Setting next_dagrun for cdc_to_dwh to 2025-12-15 10:30:00+00:00, run_after=2025-12-15 10:40:00+00:00
[2025-12-15T10:49:42.838+0000] {processor.py:208} INFO - Processing /opt/airflow/dags/cdc_to_dwh.py took 0.332 seconds
[2025-12-15T10:50:13.339+0000] {processor.py:186} INFO - Started process (PID=940) to work on /opt/airflow/dags/cdc_to_dwh.py
[2025-12-15T10:50:13.340+0000] {processor.py:914} INFO - Processing file /opt/airflow/dags/cdc_to_dwh.py for tasks to queue
[2025-12-15T10:50:13.346+0000] {logging_mixin.py:190} INFO - [2025-12-15T10:50:13.345+0000] {dagbag.py:587} INFO - Filling up the DagBag from /opt/airflow/dags/cdc_to_dwh.py
[2025-12-15T10:50:13.357+0000] {processor.py:925} INFO - DAG(s) 'cdc_to_dwh' retrieved from /opt/airflow/dags/cdc_to_dwh.py
[2025-12-15T10:50:13.372+0000] {logging_mixin.py:190} INFO - [2025-12-15T10:50:13.372+0000] {dag.py:3211} INFO - Sync 1 DAGs
[2025-12-15T10:50:13.386+0000] {logging_mixin.py:190} INFO - [2025-12-15T10:50:13.386+0000] {dag.py:4138} INFO - Setting next_dagrun for cdc_to_dwh to 2025-12-15 10:40:00+00:00, run_after=2025-12-15 10:50:00+00:00
[2025-12-15T10:50:13.400+0000] {processor.py:208} INFO - Processing /opt/airflow/dags/cdc_to_dwh.py took 0.068 seconds
[2025-12-15T10:50:43.861+0000] {processor.py:186} INFO - Started process (PID=944) to work on /opt/airflow/dags/cdc_to_dwh.py
[2025-12-15T10:50:43.863+0000] {processor.py:914} INFO - Processing file /opt/airflow/dags/cdc_to_dwh.py for tasks to queue
[2025-12-15T10:50:43.868+0000] {logging_mixin.py:190} INFO - [2025-12-15T10:50:43.867+0000] {dagbag.py:587} INFO - Filling up the DagBag from /opt/airflow/dags/cdc_to_dwh.py
[2025-12-15T10:50:43.884+0000] {processor.py:925} INFO - DAG(s) 'cdc_to_dwh' retrieved from /opt/airflow/dags/cdc_to_dwh.py
[2025-12-15T10:50:43.908+0000] {logging_mixin.py:190} INFO - [2025-12-15T10:50:43.908+0000] {dag.py:3211} INFO - Sync 1 DAGs
[2025-12-15T10:50:43.927+0000] {logging_mixin.py:190} INFO - [2025-12-15T10:50:43.927+0000] {dag.py:4138} INFO - Setting next_dagrun for cdc_to_dwh to 2025-12-15 10:40:00+00:00, run_after=2025-12-15 10:50:00+00:00
[2025-12-15T10:50:43.942+0000] {processor.py:208} INFO - Processing /opt/airflow/dags/cdc_to_dwh.py took 0.089 seconds
[2025-12-15T10:51:14.493+0000] {processor.py:186} INFO - Started process (PID=948) to work on /opt/airflow/dags/cdc_to_dwh.py
[2025-12-15T10:51:14.497+0000] {processor.py:914} INFO - Processing file /opt/airflow/dags/cdc_to_dwh.py for tasks to queue
[2025-12-15T10:51:14.510+0000] {logging_mixin.py:190} INFO - [2025-12-15T10:51:14.508+0000] {dagbag.py:587} INFO - Filling up the DagBag from /opt/airflow/dags/cdc_to_dwh.py
[2025-12-15T10:51:14.549+0000] {processor.py:925} INFO - DAG(s) 'cdc_to_dwh' retrieved from /opt/airflow/dags/cdc_to_dwh.py
[2025-12-15T10:51:14.613+0000] {logging_mixin.py:190} INFO - [2025-12-15T10:51:14.613+0000] {dag.py:3211} INFO - Sync 1 DAGs
[2025-12-15T10:51:14.654+0000] {logging_mixin.py:190} INFO - [2025-12-15T10:51:14.654+0000] {dag.py:4138} INFO - Setting next_dagrun for cdc_to_dwh to 2025-12-15 10:40:00+00:00, run_after=2025-12-15 10:50:00+00:00
[2025-12-15T10:51:14.674+0000] {processor.py:208} INFO - Processing /opt/airflow/dags/cdc_to_dwh.py took 0.221 seconds
[2025-12-15T10:51:44.938+0000] {processor.py:186} INFO - Started process (PID=952) to work on /opt/airflow/dags/cdc_to_dwh.py
[2025-12-15T10:51:44.939+0000] {processor.py:914} INFO - Processing file /opt/airflow/dags/cdc_to_dwh.py for tasks to queue
[2025-12-15T10:51:44.941+0000] {logging_mixin.py:190} INFO - [2025-12-15T10:51:44.941+0000] {dagbag.py:587} INFO - Filling up the DagBag from /opt/airflow/dags/cdc_to_dwh.py
[2025-12-15T10:51:44.949+0000] {processor.py:925} INFO - DAG(s) 'cdc_to_dwh' retrieved from /opt/airflow/dags/cdc_to_dwh.py
[2025-12-15T10:51:44.963+0000] {logging_mixin.py:190} INFO - [2025-12-15T10:51:44.962+0000] {dag.py:3211} INFO - Sync 1 DAGs
[2025-12-15T10:51:44.973+0000] {logging_mixin.py:190} INFO - [2025-12-15T10:51:44.973+0000] {dag.py:4138} INFO - Setting next_dagrun for cdc_to_dwh to 2025-12-15 10:40:00+00:00, run_after=2025-12-15 10:50:00+00:00
[2025-12-15T10:51:44.986+0000] {processor.py:208} INFO - Processing /opt/airflow/dags/cdc_to_dwh.py took 0.052 seconds
[2025-12-15T10:52:15.406+0000] {processor.py:186} INFO - Started process (PID=956) to work on /opt/airflow/dags/cdc_to_dwh.py
[2025-12-15T10:52:15.408+0000] {processor.py:914} INFO - Processing file /opt/airflow/dags/cdc_to_dwh.py for tasks to queue
[2025-12-15T10:52:15.415+0000] {logging_mixin.py:190} INFO - [2025-12-15T10:52:15.415+0000] {dagbag.py:587} INFO - Filling up the DagBag from /opt/airflow/dags/cdc_to_dwh.py
[2025-12-15T10:52:15.453+0000] {processor.py:925} INFO - DAG(s) 'cdc_to_dwh' retrieved from /opt/airflow/dags/cdc_to_dwh.py
[2025-12-15T10:52:15.487+0000] {logging_mixin.py:190} INFO - [2025-12-15T10:52:15.487+0000] {dag.py:3211} INFO - Sync 1 DAGs
[2025-12-15T10:52:15.510+0000] {logging_mixin.py:190} INFO - [2025-12-15T10:52:15.510+0000] {dag.py:4138} INFO - Setting next_dagrun for cdc_to_dwh to 2025-12-15 10:40:00+00:00, run_after=2025-12-15 10:50:00+00:00
[2025-12-15T10:52:15.532+0000] {processor.py:208} INFO - Processing /opt/airflow/dags/cdc_to_dwh.py took 0.150 seconds
[2025-12-15T10:52:45.952+0000] {processor.py:186} INFO - Started process (PID=960) to work on /opt/airflow/dags/cdc_to_dwh.py
[2025-12-15T10:52:45.954+0000] {processor.py:914} INFO - Processing file /opt/airflow/dags/cdc_to_dwh.py for tasks to queue
[2025-12-15T10:52:45.961+0000] {logging_mixin.py:190} INFO - [2025-12-15T10:52:45.960+0000] {dagbag.py:587} INFO - Filling up the DagBag from /opt/airflow/dags/cdc_to_dwh.py
[2025-12-15T10:52:45.998+0000] {processor.py:925} INFO - DAG(s) 'cdc_to_dwh' retrieved from /opt/airflow/dags/cdc_to_dwh.py
[2025-12-15T10:52:46.027+0000] {logging_mixin.py:190} INFO - [2025-12-15T10:52:46.027+0000] {dag.py:3211} INFO - Sync 1 DAGs
[2025-12-15T10:52:46.049+0000] {logging_mixin.py:190} INFO - [2025-12-15T10:52:46.049+0000] {dag.py:4138} INFO - Setting next_dagrun for cdc_to_dwh to 2025-12-15 10:40:00+00:00, run_after=2025-12-15 10:50:00+00:00
[2025-12-15T10:52:46.069+0000] {processor.py:208} INFO - Processing /opt/airflow/dags/cdc_to_dwh.py took 0.129 seconds
[2025-12-15T10:53:16.475+0000] {processor.py:186} INFO - Started process (PID=964) to work on /opt/airflow/dags/cdc_to_dwh.py
[2025-12-15T10:53:16.477+0000] {processor.py:914} INFO - Processing file /opt/airflow/dags/cdc_to_dwh.py for tasks to queue
[2025-12-15T10:53:16.479+0000] {logging_mixin.py:190} INFO - [2025-12-15T10:53:16.479+0000] {dagbag.py:587} INFO - Filling up the DagBag from /opt/airflow/dags/cdc_to_dwh.py
[2025-12-15T10:53:16.488+0000] {processor.py:925} INFO - DAG(s) 'cdc_to_dwh' retrieved from /opt/airflow/dags/cdc_to_dwh.py
[2025-12-15T10:53:16.504+0000] {logging_mixin.py:190} INFO - [2025-12-15T10:53:16.504+0000] {dag.py:3211} INFO - Sync 1 DAGs
[2025-12-15T10:53:16.516+0000] {logging_mixin.py:190} INFO - [2025-12-15T10:53:16.516+0000] {dag.py:4138} INFO - Setting next_dagrun for cdc_to_dwh to 2025-12-15 10:40:00+00:00, run_after=2025-12-15 10:50:00+00:00
[2025-12-15T10:53:16.529+0000] {processor.py:208} INFO - Processing /opt/airflow/dags/cdc_to_dwh.py took 0.060 seconds
[2025-12-15T10:53:46.920+0000] {processor.py:186} INFO - Started process (PID=968) to work on /opt/airflow/dags/cdc_to_dwh.py
[2025-12-15T10:53:46.922+0000] {processor.py:914} INFO - Processing file /opt/airflow/dags/cdc_to_dwh.py for tasks to queue
[2025-12-15T10:53:46.929+0000] {logging_mixin.py:190} INFO - [2025-12-15T10:53:46.927+0000] {dagbag.py:587} INFO - Filling up the DagBag from /opt/airflow/dags/cdc_to_dwh.py
[2025-12-15T10:53:46.972+0000] {processor.py:925} INFO - DAG(s) 'cdc_to_dwh' retrieved from /opt/airflow/dags/cdc_to_dwh.py
[2025-12-15T10:53:47.013+0000] {logging_mixin.py:190} INFO - [2025-12-15T10:53:47.013+0000] {dag.py:3211} INFO - Sync 1 DAGs
[2025-12-15T10:53:47.037+0000] {logging_mixin.py:190} INFO - [2025-12-15T10:53:47.037+0000] {dag.py:4138} INFO - Setting next_dagrun for cdc_to_dwh to 2025-12-15 10:40:00+00:00, run_after=2025-12-15 10:50:00+00:00
[2025-12-15T10:53:47.054+0000] {processor.py:208} INFO - Processing /opt/airflow/dags/cdc_to_dwh.py took 0.145 seconds
[2025-12-15T10:54:17.460+0000] {processor.py:186} INFO - Started process (PID=972) to work on /opt/airflow/dags/cdc_to_dwh.py
[2025-12-15T10:54:17.468+0000] {processor.py:914} INFO - Processing file /opt/airflow/dags/cdc_to_dwh.py for tasks to queue
[2025-12-15T10:54:17.475+0000] {logging_mixin.py:190} INFO - [2025-12-15T10:54:17.474+0000] {dagbag.py:587} INFO - Filling up the DagBag from /opt/airflow/dags/cdc_to_dwh.py
[2025-12-15T10:54:17.504+0000] {processor.py:925} INFO - DAG(s) 'cdc_to_dwh' retrieved from /opt/airflow/dags/cdc_to_dwh.py
[2025-12-15T10:54:17.545+0000] {logging_mixin.py:190} INFO - [2025-12-15T10:54:17.545+0000] {dag.py:3211} INFO - Sync 1 DAGs
[2025-12-15T10:54:17.587+0000] {logging_mixin.py:190} INFO - [2025-12-15T10:54:17.587+0000] {dag.py:4138} INFO - Setting next_dagrun for cdc_to_dwh to 2025-12-15 10:40:00+00:00, run_after=2025-12-15 10:50:00+00:00
[2025-12-15T10:54:17.617+0000] {processor.py:208} INFO - Processing /opt/airflow/dags/cdc_to_dwh.py took 0.192 seconds
[2025-12-15T10:54:48.048+0000] {processor.py:186} INFO - Started process (PID=976) to work on /opt/airflow/dags/cdc_to_dwh.py
[2025-12-15T10:54:48.050+0000] {processor.py:914} INFO - Processing file /opt/airflow/dags/cdc_to_dwh.py for tasks to queue
[2025-12-15T10:54:48.055+0000] {logging_mixin.py:190} INFO - [2025-12-15T10:54:48.054+0000] {dagbag.py:587} INFO - Filling up the DagBag from /opt/airflow/dags/cdc_to_dwh.py
[2025-12-15T10:54:48.077+0000] {processor.py:925} INFO - DAG(s) 'cdc_to_dwh' retrieved from /opt/airflow/dags/cdc_to_dwh.py
[2025-12-15T10:54:48.108+0000] {logging_mixin.py:190} INFO - [2025-12-15T10:54:48.107+0000] {dag.py:3211} INFO - Sync 1 DAGs
[2025-12-15T10:54:48.145+0000] {logging_mixin.py:190} INFO - [2025-12-15T10:54:48.145+0000] {dag.py:4138} INFO - Setting next_dagrun for cdc_to_dwh to 2025-12-15 10:40:00+00:00, run_after=2025-12-15 10:50:00+00:00
[2025-12-15T10:54:48.171+0000] {processor.py:208} INFO - Processing /opt/airflow/dags/cdc_to_dwh.py took 0.132 seconds
[2025-12-15T10:55:18.588+0000] {processor.py:186} INFO - Started process (PID=980) to work on /opt/airflow/dags/cdc_to_dwh.py
[2025-12-15T10:55:18.590+0000] {processor.py:914} INFO - Processing file /opt/airflow/dags/cdc_to_dwh.py for tasks to queue
[2025-12-15T10:55:18.596+0000] {logging_mixin.py:190} INFO - [2025-12-15T10:55:18.594+0000] {dagbag.py:587} INFO - Filling up the DagBag from /opt/airflow/dags/cdc_to_dwh.py
[2025-12-15T10:55:18.616+0000] {processor.py:925} INFO - DAG(s) 'cdc_to_dwh' retrieved from /opt/airflow/dags/cdc_to_dwh.py
[2025-12-15T10:55:18.703+0000] {logging_mixin.py:190} INFO - [2025-12-15T10:55:18.703+0000] {dag.py:3211} INFO - Sync 1 DAGs
[2025-12-15T10:55:18.733+0000] {logging_mixin.py:190} INFO - [2025-12-15T10:55:18.733+0000] {dag.py:4138} INFO - Setting next_dagrun for cdc_to_dwh to 2025-12-15 10:40:00+00:00, run_after=2025-12-15 10:50:00+00:00
[2025-12-15T10:55:18.757+0000] {processor.py:208} INFO - Processing /opt/airflow/dags/cdc_to_dwh.py took 0.181 seconds
[2025-12-15T10:55:49.028+0000] {processor.py:186} INFO - Started process (PID=984) to work on /opt/airflow/dags/cdc_to_dwh.py
[2025-12-15T10:55:49.031+0000] {processor.py:914} INFO - Processing file /opt/airflow/dags/cdc_to_dwh.py for tasks to queue
[2025-12-15T10:55:49.035+0000] {logging_mixin.py:190} INFO - [2025-12-15T10:55:49.034+0000] {dagbag.py:587} INFO - Filling up the DagBag from /opt/airflow/dags/cdc_to_dwh.py
[2025-12-15T10:55:49.053+0000] {processor.py:925} INFO - DAG(s) 'cdc_to_dwh' retrieved from /opt/airflow/dags/cdc_to_dwh.py
[2025-12-15T10:55:49.075+0000] {logging_mixin.py:190} INFO - [2025-12-15T10:55:49.075+0000] {dag.py:3211} INFO - Sync 1 DAGs
[2025-12-15T10:55:49.094+0000] {logging_mixin.py:190} INFO - [2025-12-15T10:55:49.094+0000] {dag.py:4138} INFO - Setting next_dagrun for cdc_to_dwh to 2025-12-15 10:40:00+00:00, run_after=2025-12-15 10:50:00+00:00
[2025-12-15T10:55:49.112+0000] {processor.py:208} INFO - Processing /opt/airflow/dags/cdc_to_dwh.py took 0.095 seconds
[2025-12-15T10:56:19.556+0000] {processor.py:186} INFO - Started process (PID=988) to work on /opt/airflow/dags/cdc_to_dwh.py
[2025-12-15T10:56:19.558+0000] {processor.py:914} INFO - Processing file /opt/airflow/dags/cdc_to_dwh.py for tasks to queue
[2025-12-15T10:56:19.566+0000] {logging_mixin.py:190} INFO - [2025-12-15T10:56:19.563+0000] {dagbag.py:587} INFO - Filling up the DagBag from /opt/airflow/dags/cdc_to_dwh.py
[2025-12-15T10:56:19.601+0000] {processor.py:925} INFO - DAG(s) 'cdc_to_dwh' retrieved from /opt/airflow/dags/cdc_to_dwh.py
[2025-12-15T10:56:19.630+0000] {logging_mixin.py:190} INFO - [2025-12-15T10:56:19.630+0000] {dag.py:3211} INFO - Sync 1 DAGs
[2025-12-15T10:56:19.649+0000] {logging_mixin.py:190} INFO - [2025-12-15T10:56:19.649+0000] {dag.py:4138} INFO - Setting next_dagrun for cdc_to_dwh to 2025-12-15 10:40:00+00:00, run_after=2025-12-15 10:50:00+00:00
[2025-12-15T10:56:19.673+0000] {processor.py:208} INFO - Processing /opt/airflow/dags/cdc_to_dwh.py took 0.129 seconds
[2025-12-15T10:56:50.000+0000] {processor.py:186} INFO - Started process (PID=992) to work on /opt/airflow/dags/cdc_to_dwh.py
[2025-12-15T10:56:50.003+0000] {processor.py:914} INFO - Processing file /opt/airflow/dags/cdc_to_dwh.py for tasks to queue
[2025-12-15T10:56:50.007+0000] {logging_mixin.py:190} INFO - [2025-12-15T10:56:50.006+0000] {dagbag.py:587} INFO - Filling up the DagBag from /opt/airflow/dags/cdc_to_dwh.py
[2025-12-15T10:56:50.017+0000] {processor.py:925} INFO - DAG(s) 'cdc_to_dwh' retrieved from /opt/airflow/dags/cdc_to_dwh.py
[2025-12-15T10:56:50.031+0000] {logging_mixin.py:190} INFO - [2025-12-15T10:56:50.031+0000] {dag.py:3211} INFO - Sync 1 DAGs
[2025-12-15T10:56:50.044+0000] {logging_mixin.py:190} INFO - [2025-12-15T10:56:50.044+0000] {dag.py:4138} INFO - Setting next_dagrun for cdc_to_dwh to 2025-12-15 10:40:00+00:00, run_after=2025-12-15 10:50:00+00:00
[2025-12-15T10:56:50.058+0000] {processor.py:208} INFO - Processing /opt/airflow/dags/cdc_to_dwh.py took 0.068 seconds
[2025-12-15T10:57:20.528+0000] {processor.py:186} INFO - Started process (PID=996) to work on /opt/airflow/dags/cdc_to_dwh.py
[2025-12-15T10:57:20.529+0000] {processor.py:914} INFO - Processing file /opt/airflow/dags/cdc_to_dwh.py for tasks to queue
[2025-12-15T10:57:20.531+0000] {logging_mixin.py:190} INFO - [2025-12-15T10:57:20.531+0000] {dagbag.py:587} INFO - Filling up the DagBag from /opt/airflow/dags/cdc_to_dwh.py
[2025-12-15T10:57:20.540+0000] {processor.py:925} INFO - DAG(s) 'cdc_to_dwh' retrieved from /opt/airflow/dags/cdc_to_dwh.py
[2025-12-15T10:57:20.559+0000] {logging_mixin.py:190} INFO - [2025-12-15T10:57:20.559+0000] {dag.py:3211} INFO - Sync 1 DAGs
[2025-12-15T10:57:20.574+0000] {logging_mixin.py:190} INFO - [2025-12-15T10:57:20.574+0000] {dag.py:4138} INFO - Setting next_dagrun for cdc_to_dwh to 2025-12-15 10:40:00+00:00, run_after=2025-12-15 10:50:00+00:00
[2025-12-15T10:57:20.589+0000] {processor.py:208} INFO - Processing /opt/airflow/dags/cdc_to_dwh.py took 0.065 seconds
[2025-12-15T10:57:51.186+0000] {processor.py:186} INFO - Started process (PID=1000) to work on /opt/airflow/dags/cdc_to_dwh.py
[2025-12-15T10:57:51.188+0000] {processor.py:914} INFO - Processing file /opt/airflow/dags/cdc_to_dwh.py for tasks to queue
[2025-12-15T10:57:51.192+0000] {logging_mixin.py:190} INFO - [2025-12-15T10:57:51.192+0000] {dagbag.py:587} INFO - Filling up the DagBag from /opt/airflow/dags/cdc_to_dwh.py
[2025-12-15T10:57:51.215+0000] {processor.py:925} INFO - DAG(s) 'cdc_to_dwh' retrieved from /opt/airflow/dags/cdc_to_dwh.py
[2025-12-15T10:57:51.241+0000] {logging_mixin.py:190} INFO - [2025-12-15T10:57:51.241+0000] {dag.py:3211} INFO - Sync 1 DAGs
[2025-12-15T10:57:51.259+0000] {logging_mixin.py:190} INFO - [2025-12-15T10:57:51.259+0000] {dag.py:4138} INFO - Setting next_dagrun for cdc_to_dwh to 2025-12-15 10:40:00+00:00, run_after=2025-12-15 10:50:00+00:00
[2025-12-15T10:57:51.283+0000] {processor.py:208} INFO - Processing /opt/airflow/dags/cdc_to_dwh.py took 0.106 seconds
[2025-12-15T10:58:21.661+0000] {processor.py:186} INFO - Started process (PID=1004) to work on /opt/airflow/dags/cdc_to_dwh.py
[2025-12-15T10:58:21.663+0000] {processor.py:914} INFO - Processing file /opt/airflow/dags/cdc_to_dwh.py for tasks to queue
[2025-12-15T10:58:21.678+0000] {logging_mixin.py:190} INFO - [2025-12-15T10:58:21.670+0000] {dagbag.py:587} INFO - Filling up the DagBag from /opt/airflow/dags/cdc_to_dwh.py
[2025-12-15T10:58:21.711+0000] {processor.py:925} INFO - DAG(s) 'cdc_to_dwh' retrieved from /opt/airflow/dags/cdc_to_dwh.py
[2025-12-15T10:58:21.742+0000] {logging_mixin.py:190} INFO - [2025-12-15T10:58:21.742+0000] {dag.py:3211} INFO - Sync 1 DAGs
[2025-12-15T10:58:21.762+0000] {logging_mixin.py:190} INFO - [2025-12-15T10:58:21.762+0000] {dag.py:4138} INFO - Setting next_dagrun for cdc_to_dwh to 2025-12-15 10:40:00+00:00, run_after=2025-12-15 10:50:00+00:00
[2025-12-15T10:58:21.776+0000] {processor.py:208} INFO - Processing /opt/airflow/dags/cdc_to_dwh.py took 0.125 seconds
