[2025-12-15T10:46:54.347+0000] {processor.py:186} INFO - Started process (PID=913) to work on /opt/airflow/dags/cdc_monitoring.py
[2025-12-15T10:46:54.349+0000] {processor.py:914} INFO - Processing file /opt/airflow/dags/cdc_monitoring.py for tasks to queue
[2025-12-15T10:46:54.359+0000] {logging_mixin.py:190} INFO - [2025-12-15T10:46:54.353+0000] {dagbag.py:587} INFO - Filling up the DagBag from /opt/airflow/dags/cdc_monitoring.py
[2025-12-15T10:46:54.719+0000] {processor.py:925} INFO - DAG(s) 'cdc_monitoring' retrieved from /opt/airflow/dags/cdc_monitoring.py
[2025-12-15T10:46:54.742+0000] {logging_mixin.py:190} INFO - [2025-12-15T10:46:54.742+0000] {dag.py:3211} INFO - Sync 1 DAGs
[2025-12-15T10:46:54.771+0000] {logging_mixin.py:190} INFO - [2025-12-15T10:46:54.771+0000] {dag.py:4138} INFO - Setting next_dagrun for cdc_monitoring to 2025-12-15 10:40:00+00:00, run_after=2025-12-15 10:45:00+00:00
[2025-12-15T10:46:54.802+0000] {processor.py:208} INFO - Processing /opt/airflow/dags/cdc_monitoring.py took 0.467 seconds
[2025-12-15T10:47:25.025+0000] {processor.py:186} INFO - Started process (PID=917) to work on /opt/airflow/dags/cdc_monitoring.py
[2025-12-15T10:47:25.029+0000] {processor.py:914} INFO - Processing file /opt/airflow/dags/cdc_monitoring.py for tasks to queue
[2025-12-15T10:47:25.036+0000] {logging_mixin.py:190} INFO - [2025-12-15T10:47:25.035+0000] {dagbag.py:587} INFO - Filling up the DagBag from /opt/airflow/dags/cdc_monitoring.py
[2025-12-15T10:47:25.264+0000] {processor.py:925} INFO - DAG(s) 'cdc_monitoring' retrieved from /opt/airflow/dags/cdc_monitoring.py
[2025-12-15T10:47:25.287+0000] {logging_mixin.py:190} INFO - [2025-12-15T10:47:25.287+0000] {dag.py:3211} INFO - Sync 1 DAGs
[2025-12-15T10:47:25.304+0000] {logging_mixin.py:190} INFO - [2025-12-15T10:47:25.303+0000] {dag.py:4138} INFO - Setting next_dagrun for cdc_monitoring to 2025-12-15 10:40:00+00:00, run_after=2025-12-15 10:45:00+00:00
[2025-12-15T10:47:25.320+0000] {processor.py:208} INFO - Processing /opt/airflow/dags/cdc_monitoring.py took 0.322 seconds
[2025-12-15T10:47:55.541+0000] {processor.py:186} INFO - Started process (PID=921) to work on /opt/airflow/dags/cdc_monitoring.py
[2025-12-15T10:47:55.543+0000] {processor.py:914} INFO - Processing file /opt/airflow/dags/cdc_monitoring.py for tasks to queue
[2025-12-15T10:47:55.548+0000] {logging_mixin.py:190} INFO - [2025-12-15T10:47:55.548+0000] {dagbag.py:587} INFO - Filling up the DagBag from /opt/airflow/dags/cdc_monitoring.py
[2025-12-15T10:47:55.777+0000] {processor.py:925} INFO - DAG(s) 'cdc_monitoring' retrieved from /opt/airflow/dags/cdc_monitoring.py
[2025-12-15T10:47:55.797+0000] {logging_mixin.py:190} INFO - [2025-12-15T10:47:55.797+0000] {dag.py:3211} INFO - Sync 1 DAGs
[2025-12-15T10:47:55.812+0000] {logging_mixin.py:190} INFO - [2025-12-15T10:47:55.812+0000] {dag.py:4138} INFO - Setting next_dagrun for cdc_monitoring to 2025-12-15 10:40:00+00:00, run_after=2025-12-15 10:45:00+00:00
[2025-12-15T10:47:55.827+0000] {processor.py:208} INFO - Processing /opt/airflow/dags/cdc_monitoring.py took 0.294 seconds
[2025-12-15T10:48:26.121+0000] {processor.py:186} INFO - Started process (PID=925) to work on /opt/airflow/dags/cdc_monitoring.py
[2025-12-15T10:48:26.124+0000] {processor.py:914} INFO - Processing file /opt/airflow/dags/cdc_monitoring.py for tasks to queue
[2025-12-15T10:48:26.133+0000] {logging_mixin.py:190} INFO - [2025-12-15T10:48:26.130+0000] {dagbag.py:587} INFO - Filling up the DagBag from /opt/airflow/dags/cdc_monitoring.py
[2025-12-15T10:48:26.599+0000] {processor.py:925} INFO - DAG(s) 'cdc_monitoring' retrieved from /opt/airflow/dags/cdc_monitoring.py
[2025-12-15T10:48:26.627+0000] {logging_mixin.py:190} INFO - [2025-12-15T10:48:26.627+0000] {dag.py:3211} INFO - Sync 1 DAGs
[2025-12-15T10:48:26.664+0000] {logging_mixin.py:190} INFO - [2025-12-15T10:48:26.664+0000] {dag.py:4138} INFO - Setting next_dagrun for cdc_monitoring to 2025-12-15 10:40:00+00:00, run_after=2025-12-15 10:45:00+00:00
[2025-12-15T10:48:26.686+0000] {processor.py:208} INFO - Processing /opt/airflow/dags/cdc_monitoring.py took 0.586 seconds
[2025-12-15T10:48:56.872+0000] {processor.py:186} INFO - Started process (PID=929) to work on /opt/airflow/dags/cdc_monitoring.py
[2025-12-15T10:48:56.875+0000] {processor.py:914} INFO - Processing file /opt/airflow/dags/cdc_monitoring.py for tasks to queue
[2025-12-15T10:48:56.880+0000] {logging_mixin.py:190} INFO - [2025-12-15T10:48:56.879+0000] {dagbag.py:587} INFO - Filling up the DagBag from /opt/airflow/dags/cdc_monitoring.py
[2025-12-15T10:48:57.166+0000] {processor.py:925} INFO - DAG(s) 'cdc_monitoring' retrieved from /opt/airflow/dags/cdc_monitoring.py
[2025-12-15T10:48:57.187+0000] {logging_mixin.py:190} INFO - [2025-12-15T10:48:57.187+0000] {dag.py:3211} INFO - Sync 1 DAGs
[2025-12-15T10:48:57.203+0000] {logging_mixin.py:190} INFO - [2025-12-15T10:48:57.203+0000] {dag.py:4138} INFO - Setting next_dagrun for cdc_monitoring to 2025-12-15 10:40:00+00:00, run_after=2025-12-15 10:45:00+00:00
[2025-12-15T10:48:57.217+0000] {processor.py:208} INFO - Processing /opt/airflow/dags/cdc_monitoring.py took 0.357 seconds
[2025-12-15T10:49:27.396+0000] {processor.py:186} INFO - Started process (PID=933) to work on /opt/airflow/dags/cdc_monitoring.py
[2025-12-15T10:49:27.397+0000] {processor.py:914} INFO - Processing file /opt/airflow/dags/cdc_monitoring.py for tasks to queue
[2025-12-15T10:49:27.399+0000] {logging_mixin.py:190} INFO - [2025-12-15T10:49:27.399+0000] {dagbag.py:587} INFO - Filling up the DagBag from /opt/airflow/dags/cdc_monitoring.py
[2025-12-15T10:49:27.584+0000] {processor.py:925} INFO - DAG(s) 'cdc_monitoring' retrieved from /opt/airflow/dags/cdc_monitoring.py
[2025-12-15T10:49:27.606+0000] {logging_mixin.py:190} INFO - [2025-12-15T10:49:27.606+0000] {dag.py:3211} INFO - Sync 1 DAGs
[2025-12-15T10:49:27.630+0000] {logging_mixin.py:190} INFO - [2025-12-15T10:49:27.630+0000] {dag.py:4138} INFO - Setting next_dagrun for cdc_monitoring to 2025-12-15 10:40:00+00:00, run_after=2025-12-15 10:45:00+00:00
[2025-12-15T10:49:27.646+0000] {processor.py:208} INFO - Processing /opt/airflow/dags/cdc_monitoring.py took 0.255 seconds
[2025-12-15T10:49:57.894+0000] {processor.py:186} INFO - Started process (PID=937) to work on /opt/airflow/dags/cdc_monitoring.py
[2025-12-15T10:49:57.898+0000] {processor.py:914} INFO - Processing file /opt/airflow/dags/cdc_monitoring.py for tasks to queue
[2025-12-15T10:49:57.906+0000] {logging_mixin.py:190} INFO - [2025-12-15T10:49:57.905+0000] {dagbag.py:587} INFO - Filling up the DagBag from /opt/airflow/dags/cdc_monitoring.py
[2025-12-15T10:49:58.163+0000] {processor.py:925} INFO - DAG(s) 'cdc_monitoring' retrieved from /opt/airflow/dags/cdc_monitoring.py
[2025-12-15T10:49:58.185+0000] {logging_mixin.py:190} INFO - [2025-12-15T10:49:58.185+0000] {dag.py:3211} INFO - Sync 1 DAGs
[2025-12-15T10:49:58.202+0000] {logging_mixin.py:190} INFO - [2025-12-15T10:49:58.202+0000] {dag.py:4138} INFO - Setting next_dagrun for cdc_monitoring to 2025-12-15 10:40:00+00:00, run_after=2025-12-15 10:45:00+00:00
[2025-12-15T10:49:58.217+0000] {processor.py:208} INFO - Processing /opt/airflow/dags/cdc_monitoring.py took 0.336 seconds
[2025-12-15T10:50:28.421+0000] {processor.py:186} INFO - Started process (PID=941) to work on /opt/airflow/dags/cdc_monitoring.py
[2025-12-15T10:50:28.425+0000] {processor.py:914} INFO - Processing file /opt/airflow/dags/cdc_monitoring.py for tasks to queue
[2025-12-15T10:50:28.431+0000] {logging_mixin.py:190} INFO - [2025-12-15T10:50:28.429+0000] {dagbag.py:587} INFO - Filling up the DagBag from /opt/airflow/dags/cdc_monitoring.py
[2025-12-15T10:50:28.712+0000] {processor.py:925} INFO - DAG(s) 'cdc_monitoring' retrieved from /opt/airflow/dags/cdc_monitoring.py
[2025-12-15T10:50:28.740+0000] {logging_mixin.py:190} INFO - [2025-12-15T10:50:28.740+0000] {dag.py:3211} INFO - Sync 1 DAGs
[2025-12-15T10:50:28.756+0000] {logging_mixin.py:190} INFO - [2025-12-15T10:50:28.756+0000] {dag.py:4138} INFO - Setting next_dagrun for cdc_monitoring to 2025-12-15 10:45:00+00:00, run_after=2025-12-15 10:50:00+00:00
[2025-12-15T10:50:28.771+0000] {processor.py:208} INFO - Processing /opt/airflow/dags/cdc_monitoring.py took 0.373 seconds
[2025-12-15T10:50:58.940+0000] {processor.py:186} INFO - Started process (PID=945) to work on /opt/airflow/dags/cdc_monitoring.py
[2025-12-15T10:50:58.942+0000] {processor.py:914} INFO - Processing file /opt/airflow/dags/cdc_monitoring.py for tasks to queue
[2025-12-15T10:50:58.945+0000] {logging_mixin.py:190} INFO - [2025-12-15T10:50:58.945+0000] {dagbag.py:587} INFO - Filling up the DagBag from /opt/airflow/dags/cdc_monitoring.py
[2025-12-15T10:50:59.188+0000] {processor.py:925} INFO - DAG(s) 'cdc_monitoring' retrieved from /opt/airflow/dags/cdc_monitoring.py
[2025-12-15T10:50:59.210+0000] {logging_mixin.py:190} INFO - [2025-12-15T10:50:59.210+0000] {dag.py:3211} INFO - Sync 1 DAGs
[2025-12-15T10:50:59.227+0000] {logging_mixin.py:190} INFO - [2025-12-15T10:50:59.227+0000] {dag.py:4138} INFO - Setting next_dagrun for cdc_monitoring to 2025-12-15 10:45:00+00:00, run_after=2025-12-15 10:50:00+00:00
[2025-12-15T10:50:59.241+0000] {processor.py:208} INFO - Processing /opt/airflow/dags/cdc_monitoring.py took 0.312 seconds
[2025-12-15T10:51:29.499+0000] {processor.py:186} INFO - Started process (PID=949) to work on /opt/airflow/dags/cdc_monitoring.py
[2025-12-15T10:51:29.501+0000] {processor.py:914} INFO - Processing file /opt/airflow/dags/cdc_monitoring.py for tasks to queue
[2025-12-15T10:51:29.505+0000] {logging_mixin.py:190} INFO - [2025-12-15T10:51:29.504+0000] {dagbag.py:587} INFO - Filling up the DagBag from /opt/airflow/dags/cdc_monitoring.py
[2025-12-15T10:51:29.747+0000] {processor.py:925} INFO - DAG(s) 'cdc_monitoring' retrieved from /opt/airflow/dags/cdc_monitoring.py
[2025-12-15T10:51:29.768+0000] {logging_mixin.py:190} INFO - [2025-12-15T10:51:29.768+0000] {dag.py:3211} INFO - Sync 1 DAGs
[2025-12-15T10:51:29.785+0000] {logging_mixin.py:190} INFO - [2025-12-15T10:51:29.785+0000] {dag.py:4138} INFO - Setting next_dagrun for cdc_monitoring to 2025-12-15 10:45:00+00:00, run_after=2025-12-15 10:50:00+00:00
[2025-12-15T10:51:29.801+0000] {processor.py:208} INFO - Processing /opt/airflow/dags/cdc_monitoring.py took 0.314 seconds
[2025-12-15T10:52:00.020+0000] {processor.py:186} INFO - Started process (PID=953) to work on /opt/airflow/dags/cdc_monitoring.py
[2025-12-15T10:52:00.021+0000] {processor.py:914} INFO - Processing file /opt/airflow/dags/cdc_monitoring.py for tasks to queue
[2025-12-15T10:52:00.025+0000] {logging_mixin.py:190} INFO - [2025-12-15T10:52:00.024+0000] {dagbag.py:587} INFO - Filling up the DagBag from /opt/airflow/dags/cdc_monitoring.py
[2025-12-15T10:52:00.253+0000] {processor.py:925} INFO - DAG(s) 'cdc_monitoring' retrieved from /opt/airflow/dags/cdc_monitoring.py
[2025-12-15T10:52:00.271+0000] {logging_mixin.py:190} INFO - [2025-12-15T10:52:00.271+0000] {dag.py:3211} INFO - Sync 1 DAGs
[2025-12-15T10:52:00.287+0000] {logging_mixin.py:190} INFO - [2025-12-15T10:52:00.287+0000] {dag.py:4138} INFO - Setting next_dagrun for cdc_monitoring to 2025-12-15 10:45:00+00:00, run_after=2025-12-15 10:50:00+00:00
[2025-12-15T10:52:00.301+0000] {processor.py:208} INFO - Processing /opt/airflow/dags/cdc_monitoring.py took 0.289 seconds
[2025-12-15T10:52:30.484+0000] {processor.py:186} INFO - Started process (PID=957) to work on /opt/airflow/dags/cdc_monitoring.py
[2025-12-15T10:52:30.494+0000] {processor.py:914} INFO - Processing file /opt/airflow/dags/cdc_monitoring.py for tasks to queue
[2025-12-15T10:52:30.504+0000] {logging_mixin.py:190} INFO - [2025-12-15T10:52:30.503+0000] {dagbag.py:587} INFO - Filling up the DagBag from /opt/airflow/dags/cdc_monitoring.py
[2025-12-15T10:52:30.769+0000] {processor.py:925} INFO - DAG(s) 'cdc_monitoring' retrieved from /opt/airflow/dags/cdc_monitoring.py
[2025-12-15T10:52:30.795+0000] {logging_mixin.py:190} INFO - [2025-12-15T10:52:30.795+0000] {dag.py:3211} INFO - Sync 1 DAGs
[2025-12-15T10:52:30.813+0000] {logging_mixin.py:190} INFO - [2025-12-15T10:52:30.813+0000] {dag.py:4138} INFO - Setting next_dagrun for cdc_monitoring to 2025-12-15 10:45:00+00:00, run_after=2025-12-15 10:50:00+00:00
[2025-12-15T10:52:30.829+0000] {processor.py:208} INFO - Processing /opt/airflow/dags/cdc_monitoring.py took 0.357 seconds
[2025-12-15T10:53:01.025+0000] {processor.py:186} INFO - Started process (PID=961) to work on /opt/airflow/dags/cdc_monitoring.py
[2025-12-15T10:53:01.027+0000] {processor.py:914} INFO - Processing file /opt/airflow/dags/cdc_monitoring.py for tasks to queue
[2025-12-15T10:53:01.031+0000] {logging_mixin.py:190} INFO - [2025-12-15T10:53:01.030+0000] {dagbag.py:587} INFO - Filling up the DagBag from /opt/airflow/dags/cdc_monitoring.py
[2025-12-15T10:53:01.276+0000] {processor.py:925} INFO - DAG(s) 'cdc_monitoring' retrieved from /opt/airflow/dags/cdc_monitoring.py
[2025-12-15T10:53:01.301+0000] {logging_mixin.py:190} INFO - [2025-12-15T10:53:01.301+0000] {dag.py:3211} INFO - Sync 1 DAGs
[2025-12-15T10:53:01.319+0000] {logging_mixin.py:190} INFO - [2025-12-15T10:53:01.319+0000] {dag.py:4138} INFO - Setting next_dagrun for cdc_monitoring to 2025-12-15 10:45:00+00:00, run_after=2025-12-15 10:50:00+00:00
[2025-12-15T10:53:01.335+0000] {processor.py:208} INFO - Processing /opt/airflow/dags/cdc_monitoring.py took 0.323 seconds
[2025-12-15T10:53:31.541+0000] {processor.py:186} INFO - Started process (PID=965) to work on /opt/airflow/dags/cdc_monitoring.py
[2025-12-15T10:53:31.543+0000] {processor.py:914} INFO - Processing file /opt/airflow/dags/cdc_monitoring.py for tasks to queue
[2025-12-15T10:53:31.546+0000] {logging_mixin.py:190} INFO - [2025-12-15T10:53:31.546+0000] {dagbag.py:587} INFO - Filling up the DagBag from /opt/airflow/dags/cdc_monitoring.py
[2025-12-15T10:53:31.735+0000] {processor.py:925} INFO - DAG(s) 'cdc_monitoring' retrieved from /opt/airflow/dags/cdc_monitoring.py
[2025-12-15T10:53:31.754+0000] {logging_mixin.py:190} INFO - [2025-12-15T10:53:31.753+0000] {dag.py:3211} INFO - Sync 1 DAGs
[2025-12-15T10:53:31.768+0000] {logging_mixin.py:190} INFO - [2025-12-15T10:53:31.768+0000] {dag.py:4138} INFO - Setting next_dagrun for cdc_monitoring to 2025-12-15 10:45:00+00:00, run_after=2025-12-15 10:50:00+00:00
[2025-12-15T10:53:31.781+0000] {processor.py:208} INFO - Processing /opt/airflow/dags/cdc_monitoring.py took 0.248 seconds
[2025-12-15T10:54:02.223+0000] {processor.py:186} INFO - Started process (PID=969) to work on /opt/airflow/dags/cdc_monitoring.py
[2025-12-15T10:54:02.225+0000] {processor.py:914} INFO - Processing file /opt/airflow/dags/cdc_monitoring.py for tasks to queue
[2025-12-15T10:54:02.231+0000] {logging_mixin.py:190} INFO - [2025-12-15T10:54:02.230+0000] {dagbag.py:587} INFO - Filling up the DagBag from /opt/airflow/dags/cdc_monitoring.py
[2025-12-15T10:54:02.540+0000] {processor.py:925} INFO - DAG(s) 'cdc_monitoring' retrieved from /opt/airflow/dags/cdc_monitoring.py
[2025-12-15T10:54:02.577+0000] {logging_mixin.py:190} INFO - [2025-12-15T10:54:02.577+0000] {dag.py:3211} INFO - Sync 1 DAGs
[2025-12-15T10:54:02.608+0000] {logging_mixin.py:190} INFO - [2025-12-15T10:54:02.607+0000] {dag.py:4138} INFO - Setting next_dagrun for cdc_monitoring to 2025-12-15 10:45:00+00:00, run_after=2025-12-15 10:50:00+00:00
[2025-12-15T10:54:02.629+0000] {processor.py:208} INFO - Processing /opt/airflow/dags/cdc_monitoring.py took 0.436 seconds
[2025-12-15T10:54:32.870+0000] {processor.py:186} INFO - Started process (PID=973) to work on /opt/airflow/dags/cdc_monitoring.py
[2025-12-15T10:54:32.878+0000] {processor.py:914} INFO - Processing file /opt/airflow/dags/cdc_monitoring.py for tasks to queue
[2025-12-15T10:54:32.883+0000] {logging_mixin.py:190} INFO - [2025-12-15T10:54:32.882+0000] {dagbag.py:587} INFO - Filling up the DagBag from /opt/airflow/dags/cdc_monitoring.py
[2025-12-15T10:54:33.167+0000] {processor.py:925} INFO - DAG(s) 'cdc_monitoring' retrieved from /opt/airflow/dags/cdc_monitoring.py
[2025-12-15T10:54:33.187+0000] {logging_mixin.py:190} INFO - [2025-12-15T10:54:33.187+0000] {dag.py:3211} INFO - Sync 1 DAGs
[2025-12-15T10:54:33.213+0000] {logging_mixin.py:190} INFO - [2025-12-15T10:54:33.213+0000] {dag.py:4138} INFO - Setting next_dagrun for cdc_monitoring to 2025-12-15 10:45:00+00:00, run_after=2025-12-15 10:50:00+00:00
[2025-12-15T10:54:33.240+0000] {processor.py:208} INFO - Processing /opt/airflow/dags/cdc_monitoring.py took 0.397 seconds
[2025-12-15T10:55:03.345+0000] {processor.py:186} INFO - Started process (PID=977) to work on /opt/airflow/dags/cdc_monitoring.py
[2025-12-15T10:55:03.355+0000] {processor.py:914} INFO - Processing file /opt/airflow/dags/cdc_monitoring.py for tasks to queue
[2025-12-15T10:55:03.364+0000] {logging_mixin.py:190} INFO - [2025-12-15T10:55:03.363+0000] {dagbag.py:587} INFO - Filling up the DagBag from /opt/airflow/dags/cdc_monitoring.py
[2025-12-15T10:55:03.580+0000] {processor.py:925} INFO - DAG(s) 'cdc_monitoring' retrieved from /opt/airflow/dags/cdc_monitoring.py
[2025-12-15T10:55:03.599+0000] {logging_mixin.py:190} INFO - [2025-12-15T10:55:03.599+0000] {dag.py:3211} INFO - Sync 1 DAGs
[2025-12-15T10:55:03.638+0000] {logging_mixin.py:190} INFO - [2025-12-15T10:55:03.638+0000] {dag.py:4138} INFO - Setting next_dagrun for cdc_monitoring to 2025-12-15 10:50:00+00:00, run_after=2025-12-15 10:55:00+00:00
[2025-12-15T10:55:03.658+0000] {processor.py:208} INFO - Processing /opt/airflow/dags/cdc_monitoring.py took 0.326 seconds
[2025-12-15T10:55:33.862+0000] {processor.py:186} INFO - Started process (PID=981) to work on /opt/airflow/dags/cdc_monitoring.py
[2025-12-15T10:55:33.865+0000] {processor.py:914} INFO - Processing file /opt/airflow/dags/cdc_monitoring.py for tasks to queue
[2025-12-15T10:55:33.868+0000] {logging_mixin.py:190} INFO - [2025-12-15T10:55:33.867+0000] {dagbag.py:587} INFO - Filling up the DagBag from /opt/airflow/dags/cdc_monitoring.py
[2025-12-15T10:55:34.087+0000] {processor.py:925} INFO - DAG(s) 'cdc_monitoring' retrieved from /opt/airflow/dags/cdc_monitoring.py
[2025-12-15T10:55:34.106+0000] {logging_mixin.py:190} INFO - [2025-12-15T10:55:34.106+0000] {dag.py:3211} INFO - Sync 1 DAGs
[2025-12-15T10:55:34.123+0000] {logging_mixin.py:190} INFO - [2025-12-15T10:55:34.123+0000] {dag.py:4138} INFO - Setting next_dagrun for cdc_monitoring to 2025-12-15 10:50:00+00:00, run_after=2025-12-15 10:55:00+00:00
[2025-12-15T10:55:34.147+0000] {processor.py:208} INFO - Processing /opt/airflow/dags/cdc_monitoring.py took 0.295 seconds
[2025-12-15T10:56:04.268+0000] {processor.py:186} INFO - Started process (PID=985) to work on /opt/airflow/dags/cdc_monitoring.py
[2025-12-15T10:56:04.270+0000] {processor.py:914} INFO - Processing file /opt/airflow/dags/cdc_monitoring.py for tasks to queue
[2025-12-15T10:56:04.274+0000] {logging_mixin.py:190} INFO - [2025-12-15T10:56:04.274+0000] {dagbag.py:587} INFO - Filling up the DagBag from /opt/airflow/dags/cdc_monitoring.py
[2025-12-15T10:56:04.487+0000] {processor.py:925} INFO - DAG(s) 'cdc_monitoring' retrieved from /opt/airflow/dags/cdc_monitoring.py
[2025-12-15T10:56:04.507+0000] {logging_mixin.py:190} INFO - [2025-12-15T10:56:04.507+0000] {dag.py:3211} INFO - Sync 1 DAGs
[2025-12-15T10:56:04.527+0000] {logging_mixin.py:190} INFO - [2025-12-15T10:56:04.526+0000] {dag.py:4138} INFO - Setting next_dagrun for cdc_monitoring to 2025-12-15 10:50:00+00:00, run_after=2025-12-15 10:55:00+00:00
[2025-12-15T10:56:04.540+0000] {processor.py:208} INFO - Processing /opt/airflow/dags/cdc_monitoring.py took 0.280 seconds
[2025-12-15T10:56:34.641+0000] {processor.py:186} INFO - Started process (PID=989) to work on /opt/airflow/dags/cdc_monitoring.py
[2025-12-15T10:56:34.642+0000] {processor.py:914} INFO - Processing file /opt/airflow/dags/cdc_monitoring.py for tasks to queue
[2025-12-15T10:56:34.644+0000] {logging_mixin.py:190} INFO - [2025-12-15T10:56:34.643+0000] {dagbag.py:587} INFO - Filling up the DagBag from /opt/airflow/dags/cdc_monitoring.py
[2025-12-15T10:56:34.819+0000] {processor.py:925} INFO - DAG(s) 'cdc_monitoring' retrieved from /opt/airflow/dags/cdc_monitoring.py
[2025-12-15T10:56:34.834+0000] {logging_mixin.py:190} INFO - [2025-12-15T10:56:34.834+0000] {dag.py:3211} INFO - Sync 1 DAGs
[2025-12-15T10:56:34.848+0000] {logging_mixin.py:190} INFO - [2025-12-15T10:56:34.848+0000] {dag.py:4138} INFO - Setting next_dagrun for cdc_monitoring to 2025-12-15 10:50:00+00:00, run_after=2025-12-15 10:55:00+00:00
[2025-12-15T10:56:34.862+0000] {processor.py:208} INFO - Processing /opt/airflow/dags/cdc_monitoring.py took 0.228 seconds
[2025-12-15T10:57:05.076+0000] {processor.py:186} INFO - Started process (PID=993) to work on /opt/airflow/dags/cdc_monitoring.py
[2025-12-15T10:57:05.085+0000] {processor.py:914} INFO - Processing file /opt/airflow/dags/cdc_monitoring.py for tasks to queue
[2025-12-15T10:57:05.097+0000] {logging_mixin.py:190} INFO - [2025-12-15T10:57:05.095+0000] {dagbag.py:587} INFO - Filling up the DagBag from /opt/airflow/dags/cdc_monitoring.py
[2025-12-15T10:57:05.337+0000] {processor.py:925} INFO - DAG(s) 'cdc_monitoring' retrieved from /opt/airflow/dags/cdc_monitoring.py
[2025-12-15T10:57:05.385+0000] {logging_mixin.py:190} INFO - [2025-12-15T10:57:05.385+0000] {dag.py:3211} INFO - Sync 1 DAGs
[2025-12-15T10:57:05.404+0000] {logging_mixin.py:190} INFO - [2025-12-15T10:57:05.403+0000] {dag.py:4138} INFO - Setting next_dagrun for cdc_monitoring to 2025-12-15 10:50:00+00:00, run_after=2025-12-15 10:55:00+00:00
[2025-12-15T10:57:05.421+0000] {processor.py:208} INFO - Processing /opt/airflow/dags/cdc_monitoring.py took 0.355 seconds
[2025-12-15T10:57:35.725+0000] {processor.py:186} INFO - Started process (PID=997) to work on /opt/airflow/dags/cdc_monitoring.py
[2025-12-15T10:57:35.730+0000] {processor.py:914} INFO - Processing file /opt/airflow/dags/cdc_monitoring.py for tasks to queue
[2025-12-15T10:57:35.740+0000] {logging_mixin.py:190} INFO - [2025-12-15T10:57:35.737+0000] {dagbag.py:587} INFO - Filling up the DagBag from /opt/airflow/dags/cdc_monitoring.py
[2025-12-15T10:57:36.053+0000] {processor.py:925} INFO - DAG(s) 'cdc_monitoring' retrieved from /opt/airflow/dags/cdc_monitoring.py
[2025-12-15T10:57:36.076+0000] {logging_mixin.py:190} INFO - [2025-12-15T10:57:36.076+0000] {dag.py:3211} INFO - Sync 1 DAGs
[2025-12-15T10:57:36.102+0000] {logging_mixin.py:190} INFO - [2025-12-15T10:57:36.102+0000] {dag.py:4138} INFO - Setting next_dagrun for cdc_monitoring to 2025-12-15 10:50:00+00:00, run_after=2025-12-15 10:55:00+00:00
[2025-12-15T10:57:36.120+0000] {processor.py:208} INFO - Processing /opt/airflow/dags/cdc_monitoring.py took 0.469 seconds
[2025-12-15T10:58:06.302+0000] {processor.py:186} INFO - Started process (PID=1001) to work on /opt/airflow/dags/cdc_monitoring.py
[2025-12-15T10:58:06.304+0000] {processor.py:914} INFO - Processing file /opt/airflow/dags/cdc_monitoring.py for tasks to queue
[2025-12-15T10:58:06.309+0000] {logging_mixin.py:190} INFO - [2025-12-15T10:58:06.309+0000] {dagbag.py:587} INFO - Filling up the DagBag from /opt/airflow/dags/cdc_monitoring.py
[2025-12-15T10:58:06.610+0000] {processor.py:925} INFO - DAG(s) 'cdc_monitoring' retrieved from /opt/airflow/dags/cdc_monitoring.py
[2025-12-15T10:58:06.634+0000] {logging_mixin.py:190} INFO - [2025-12-15T10:58:06.634+0000] {dag.py:3211} INFO - Sync 1 DAGs
[2025-12-15T10:58:06.668+0000] {logging_mixin.py:190} INFO - [2025-12-15T10:58:06.668+0000] {dag.py:4138} INFO - Setting next_dagrun for cdc_monitoring to 2025-12-15 10:50:00+00:00, run_after=2025-12-15 10:55:00+00:00
[2025-12-15T10:58:06.687+0000] {processor.py:208} INFO - Processing /opt/airflow/dags/cdc_monitoring.py took 0.393 seconds
[2025-12-15T10:58:36.883+0000] {processor.py:186} INFO - Started process (PID=1005) to work on /opt/airflow/dags/cdc_monitoring.py
[2025-12-15T10:58:36.885+0000] {processor.py:914} INFO - Processing file /opt/airflow/dags/cdc_monitoring.py for tasks to queue
[2025-12-15T10:58:36.892+0000] {logging_mixin.py:190} INFO - [2025-12-15T10:58:36.891+0000] {dagbag.py:587} INFO - Filling up the DagBag from /opt/airflow/dags/cdc_monitoring.py
[2025-12-15T10:58:37.182+0000] {processor.py:925} INFO - DAG(s) 'cdc_monitoring' retrieved from /opt/airflow/dags/cdc_monitoring.py
[2025-12-15T10:58:37.222+0000] {logging_mixin.py:190} INFO - [2025-12-15T10:58:37.221+0000] {dag.py:3211} INFO - Sync 1 DAGs
[2025-12-15T10:58:37.266+0000] {logging_mixin.py:190} INFO - [2025-12-15T10:58:37.266+0000] {dag.py:4138} INFO - Setting next_dagrun for cdc_monitoring to 2025-12-15 10:50:00+00:00, run_after=2025-12-15 10:55:00+00:00
[2025-12-15T10:58:37.287+0000] {processor.py:208} INFO - Processing /opt/airflow/dags/cdc_monitoring.py took 0.414 seconds
