[2025-12-15T10:46:59.109+0000] {processor.py:186} INFO - Started process (PID=914) to work on /opt/airflow/dags/dbt_incremental_dag.py
[2025-12-15T10:46:59.112+0000] {processor.py:914} INFO - Processing file /opt/airflow/dags/dbt_incremental_dag.py for tasks to queue
[2025-12-15T10:46:59.117+0000] {logging_mixin.py:190} INFO - [2025-12-15T10:46:59.116+0000] {dagbag.py:587} INFO - Filling up the DagBag from /opt/airflow/dags/dbt_incremental_dag.py
[2025-12-15T10:46:59.313+0000] {processor.py:925} INFO - DAG(s) 'pg_to_ch_dbt_incremental_dwh' retrieved from /opt/airflow/dags/dbt_incremental_dag.py
[2025-12-15T10:46:59.340+0000] {logging_mixin.py:190} INFO - [2025-12-15T10:46:59.340+0000] {dag.py:3211} INFO - Sync 1 DAGs
[2025-12-15T10:46:59.372+0000] {logging_mixin.py:190} INFO - [2025-12-15T10:46:59.371+0000] {dag.py:4138} INFO - Setting next_dagrun for pg_to_ch_dbt_incremental_dwh to 2025-12-15 10:20:00+00:00, run_after=2025-12-15 10:40:00+00:00
[2025-12-15T10:46:59.411+0000] {processor.py:208} INFO - Processing /opt/airflow/dags/dbt_incremental_dag.py took 0.313 seconds
[2025-12-15T10:47:29.564+0000] {processor.py:186} INFO - Started process (PID=918) to work on /opt/airflow/dags/dbt_incremental_dag.py
[2025-12-15T10:47:29.566+0000] {processor.py:914} INFO - Processing file /opt/airflow/dags/dbt_incremental_dag.py for tasks to queue
[2025-12-15T10:47:29.567+0000] {logging_mixin.py:190} INFO - [2025-12-15T10:47:29.567+0000] {dagbag.py:587} INFO - Filling up the DagBag from /opt/airflow/dags/dbt_incremental_dag.py
[2025-12-15T10:47:29.659+0000] {processor.py:925} INFO - DAG(s) 'pg_to_ch_dbt_incremental_dwh' retrieved from /opt/airflow/dags/dbt_incremental_dag.py
[2025-12-15T10:47:29.677+0000] {logging_mixin.py:190} INFO - [2025-12-15T10:47:29.677+0000] {dag.py:3211} INFO - Sync 1 DAGs
[2025-12-15T10:47:29.690+0000] {logging_mixin.py:190} INFO - [2025-12-15T10:47:29.690+0000] {dag.py:4138} INFO - Setting next_dagrun for pg_to_ch_dbt_incremental_dwh to 2025-12-15 10:20:00+00:00, run_after=2025-12-15 10:40:00+00:00
[2025-12-15T10:47:29.723+0000] {processor.py:208} INFO - Processing /opt/airflow/dags/dbt_incremental_dag.py took 0.163 seconds
[2025-12-15T10:48:00.001+0000] {processor.py:186} INFO - Started process (PID=922) to work on /opt/airflow/dags/dbt_incremental_dag.py
[2025-12-15T10:48:00.003+0000] {processor.py:914} INFO - Processing file /opt/airflow/dags/dbt_incremental_dag.py for tasks to queue
[2025-12-15T10:48:00.005+0000] {logging_mixin.py:190} INFO - [2025-12-15T10:48:00.005+0000] {dagbag.py:587} INFO - Filling up the DagBag from /opt/airflow/dags/dbt_incremental_dag.py
[2025-12-15T10:48:00.109+0000] {processor.py:925} INFO - DAG(s) 'pg_to_ch_dbt_incremental_dwh' retrieved from /opt/airflow/dags/dbt_incremental_dag.py
[2025-12-15T10:48:00.123+0000] {logging_mixin.py:190} INFO - [2025-12-15T10:48:00.123+0000] {dag.py:3211} INFO - Sync 1 DAGs
[2025-12-15T10:48:00.135+0000] {logging_mixin.py:190} INFO - [2025-12-15T10:48:00.135+0000] {dag.py:4138} INFO - Setting next_dagrun for pg_to_ch_dbt_incremental_dwh to 2025-12-15 10:20:00+00:00, run_after=2025-12-15 10:40:00+00:00
[2025-12-15T10:48:00.167+0000] {processor.py:208} INFO - Processing /opt/airflow/dags/dbt_incremental_dag.py took 0.171 seconds
[2025-12-15T10:48:31.005+0000] {processor.py:186} INFO - Started process (PID=926) to work on /opt/airflow/dags/dbt_incremental_dag.py
[2025-12-15T10:48:31.012+0000] {processor.py:914} INFO - Processing file /opt/airflow/dags/dbt_incremental_dag.py for tasks to queue
[2025-12-15T10:48:31.032+0000] {logging_mixin.py:190} INFO - [2025-12-15T10:48:31.030+0000] {dagbag.py:587} INFO - Filling up the DagBag from /opt/airflow/dags/dbt_incremental_dag.py
[2025-12-15T10:48:31.196+0000] {processor.py:925} INFO - DAG(s) 'pg_to_ch_dbt_incremental_dwh' retrieved from /opt/airflow/dags/dbt_incremental_dag.py
[2025-12-15T10:48:31.243+0000] {logging_mixin.py:190} INFO - [2025-12-15T10:48:31.243+0000] {dag.py:3211} INFO - Sync 1 DAGs
[2025-12-15T10:48:31.274+0000] {logging_mixin.py:190} INFO - [2025-12-15T10:48:31.274+0000] {dag.py:4138} INFO - Setting next_dagrun for pg_to_ch_dbt_incremental_dwh to 2025-12-15 10:20:00+00:00, run_after=2025-12-15 10:40:00+00:00
[2025-12-15T10:48:31.310+0000] {processor.py:208} INFO - Processing /opt/airflow/dags/dbt_incremental_dag.py took 0.319 seconds
[2025-12-15T10:49:02.341+0000] {processor.py:186} INFO - Started process (PID=930) to work on /opt/airflow/dags/dbt_incremental_dag.py
[2025-12-15T10:49:02.342+0000] {processor.py:914} INFO - Processing file /opt/airflow/dags/dbt_incremental_dag.py for tasks to queue
[2025-12-15T10:49:02.346+0000] {logging_mixin.py:190} INFO - [2025-12-15T10:49:02.345+0000] {dagbag.py:587} INFO - Filling up the DagBag from /opt/airflow/dags/dbt_incremental_dag.py
[2025-12-15T10:49:02.433+0000] {processor.py:925} INFO - DAG(s) 'pg_to_ch_dbt_incremental_dwh' retrieved from /opt/airflow/dags/dbt_incremental_dag.py
[2025-12-15T10:49:02.446+0000] {logging_mixin.py:190} INFO - [2025-12-15T10:49:02.446+0000] {dag.py:3211} INFO - Sync 1 DAGs
[2025-12-15T10:49:02.461+0000] {logging_mixin.py:190} INFO - [2025-12-15T10:49:02.460+0000] {dag.py:4138} INFO - Setting next_dagrun for pg_to_ch_dbt_incremental_dwh to 2025-12-15 10:20:00+00:00, run_after=2025-12-15 10:40:00+00:00
[2025-12-15T10:49:02.479+0000] {processor.py:208} INFO - Processing /opt/airflow/dags/dbt_incremental_dag.py took 0.149 seconds
[2025-12-15T10:49:32.833+0000] {processor.py:186} INFO - Started process (PID=934) to work on /opt/airflow/dags/dbt_incremental_dag.py
[2025-12-15T10:49:32.839+0000] {processor.py:914} INFO - Processing file /opt/airflow/dags/dbt_incremental_dag.py for tasks to queue
[2025-12-15T10:49:32.844+0000] {logging_mixin.py:190} INFO - [2025-12-15T10:49:32.843+0000] {dagbag.py:587} INFO - Filling up the DagBag from /opt/airflow/dags/dbt_incremental_dag.py
[2025-12-15T10:49:32.968+0000] {processor.py:925} INFO - DAG(s) 'pg_to_ch_dbt_incremental_dwh' retrieved from /opt/airflow/dags/dbt_incremental_dag.py
[2025-12-15T10:49:33.011+0000] {logging_mixin.py:190} INFO - [2025-12-15T10:49:33.010+0000] {dag.py:3211} INFO - Sync 1 DAGs
[2025-12-15T10:49:33.029+0000] {logging_mixin.py:190} INFO - [2025-12-15T10:49:33.029+0000] {dag.py:4138} INFO - Setting next_dagrun for pg_to_ch_dbt_incremental_dwh to 2025-12-15 10:20:00+00:00, run_after=2025-12-15 10:40:00+00:00
[2025-12-15T10:49:33.068+0000] {processor.py:208} INFO - Processing /opt/airflow/dags/dbt_incremental_dag.py took 0.247 seconds
[2025-12-15T10:50:03.445+0000] {processor.py:186} INFO - Started process (PID=938) to work on /opt/airflow/dags/dbt_incremental_dag.py
[2025-12-15T10:50:03.447+0000] {processor.py:914} INFO - Processing file /opt/airflow/dags/dbt_incremental_dag.py for tasks to queue
[2025-12-15T10:50:03.452+0000] {logging_mixin.py:190} INFO - [2025-12-15T10:50:03.451+0000] {dagbag.py:587} INFO - Filling up the DagBag from /opt/airflow/dags/dbt_incremental_dag.py
[2025-12-15T10:50:03.569+0000] {processor.py:925} INFO - DAG(s) 'pg_to_ch_dbt_incremental_dwh' retrieved from /opt/airflow/dags/dbt_incremental_dag.py
[2025-12-15T10:50:03.582+0000] {logging_mixin.py:190} INFO - [2025-12-15T10:50:03.582+0000] {dag.py:3211} INFO - Sync 1 DAGs
[2025-12-15T10:50:03.595+0000] {logging_mixin.py:190} INFO - [2025-12-15T10:50:03.595+0000] {dag.py:4138} INFO - Setting next_dagrun for pg_to_ch_dbt_incremental_dwh to 2025-12-15 10:20:00+00:00, run_after=2025-12-15 10:40:00+00:00
[2025-12-15T10:50:03.608+0000] {processor.py:208} INFO - Processing /opt/airflow/dags/dbt_incremental_dag.py took 0.176 seconds
[2025-12-15T10:50:33.871+0000] {processor.py:186} INFO - Started process (PID=942) to work on /opt/airflow/dags/dbt_incremental_dag.py
[2025-12-15T10:50:33.874+0000] {processor.py:914} INFO - Processing file /opt/airflow/dags/dbt_incremental_dag.py for tasks to queue
[2025-12-15T10:50:33.876+0000] {logging_mixin.py:190} INFO - [2025-12-15T10:50:33.876+0000] {dagbag.py:587} INFO - Filling up the DagBag from /opt/airflow/dags/dbt_incremental_dag.py
[2025-12-15T10:50:33.963+0000] {processor.py:925} INFO - DAG(s) 'pg_to_ch_dbt_incremental_dwh' retrieved from /opt/airflow/dags/dbt_incremental_dag.py
[2025-12-15T10:50:33.975+0000] {logging_mixin.py:190} INFO - [2025-12-15T10:50:33.975+0000] {dag.py:3211} INFO - Sync 1 DAGs
[2025-12-15T10:50:33.987+0000] {logging_mixin.py:190} INFO - [2025-12-15T10:50:33.987+0000] {dag.py:4138} INFO - Setting next_dagrun for pg_to_ch_dbt_incremental_dwh to 2025-12-15 10:20:00+00:00, run_after=2025-12-15 10:40:00+00:00
[2025-12-15T10:50:34.001+0000] {processor.py:208} INFO - Processing /opt/airflow/dags/dbt_incremental_dag.py took 0.140 seconds
[2025-12-15T10:51:04.386+0000] {processor.py:186} INFO - Started process (PID=946) to work on /opt/airflow/dags/dbt_incremental_dag.py
[2025-12-15T10:51:04.387+0000] {processor.py:914} INFO - Processing file /opt/airflow/dags/dbt_incremental_dag.py for tasks to queue
[2025-12-15T10:51:04.389+0000] {logging_mixin.py:190} INFO - [2025-12-15T10:51:04.389+0000] {dagbag.py:587} INFO - Filling up the DagBag from /opt/airflow/dags/dbt_incremental_dag.py
[2025-12-15T10:51:04.485+0000] {processor.py:925} INFO - DAG(s) 'pg_to_ch_dbt_incremental_dwh' retrieved from /opt/airflow/dags/dbt_incremental_dag.py
[2025-12-15T10:51:04.499+0000] {logging_mixin.py:190} INFO - [2025-12-15T10:51:04.499+0000] {dag.py:3211} INFO - Sync 1 DAGs
[2025-12-15T10:51:04.512+0000] {logging_mixin.py:190} INFO - [2025-12-15T10:51:04.512+0000] {dag.py:4138} INFO - Setting next_dagrun for pg_to_ch_dbt_incremental_dwh to 2025-12-15 10:20:00+00:00, run_after=2025-12-15 10:40:00+00:00
[2025-12-15T10:51:04.560+0000] {processor.py:208} INFO - Processing /opt/airflow/dags/dbt_incremental_dag.py took 0.181 seconds
[2025-12-15T10:51:34.955+0000] {processor.py:186} INFO - Started process (PID=950) to work on /opt/airflow/dags/dbt_incremental_dag.py
[2025-12-15T10:51:34.956+0000] {processor.py:914} INFO - Processing file /opt/airflow/dags/dbt_incremental_dag.py for tasks to queue
[2025-12-15T10:51:34.958+0000] {logging_mixin.py:190} INFO - [2025-12-15T10:51:34.958+0000] {dagbag.py:587} INFO - Filling up the DagBag from /opt/airflow/dags/dbt_incremental_dag.py
[2025-12-15T10:51:35.049+0000] {processor.py:925} INFO - DAG(s) 'pg_to_ch_dbt_incremental_dwh' retrieved from /opt/airflow/dags/dbt_incremental_dag.py
[2025-12-15T10:51:35.062+0000] {logging_mixin.py:190} INFO - [2025-12-15T10:51:35.062+0000] {dag.py:3211} INFO - Sync 1 DAGs
[2025-12-15T10:51:35.075+0000] {logging_mixin.py:190} INFO - [2025-12-15T10:51:35.075+0000] {dag.py:4138} INFO - Setting next_dagrun for pg_to_ch_dbt_incremental_dwh to 2025-12-15 10:20:00+00:00, run_after=2025-12-15 10:40:00+00:00
[2025-12-15T10:51:35.100+0000] {processor.py:208} INFO - Processing /opt/airflow/dags/dbt_incremental_dag.py took 0.151 seconds
[2025-12-15T10:52:05.427+0000] {processor.py:186} INFO - Started process (PID=954) to work on /opt/airflow/dags/dbt_incremental_dag.py
[2025-12-15T10:52:05.429+0000] {processor.py:914} INFO - Processing file /opt/airflow/dags/dbt_incremental_dag.py for tasks to queue
[2025-12-15T10:52:05.431+0000] {logging_mixin.py:190} INFO - [2025-12-15T10:52:05.431+0000] {dagbag.py:587} INFO - Filling up the DagBag from /opt/airflow/dags/dbt_incremental_dag.py
[2025-12-15T10:52:05.523+0000] {processor.py:925} INFO - DAG(s) 'pg_to_ch_dbt_incremental_dwh' retrieved from /opt/airflow/dags/dbt_incremental_dag.py
[2025-12-15T10:52:05.536+0000] {logging_mixin.py:190} INFO - [2025-12-15T10:52:05.536+0000] {dag.py:3211} INFO - Sync 1 DAGs
[2025-12-15T10:52:05.549+0000] {logging_mixin.py:190} INFO - [2025-12-15T10:52:05.549+0000] {dag.py:4138} INFO - Setting next_dagrun for pg_to_ch_dbt_incremental_dwh to 2025-12-15 10:20:00+00:00, run_after=2025-12-15 10:40:00+00:00
[2025-12-15T10:52:05.576+0000] {processor.py:208} INFO - Processing /opt/airflow/dags/dbt_incremental_dag.py took 0.153 seconds
[2025-12-15T10:52:35.994+0000] {processor.py:186} INFO - Started process (PID=958) to work on /opt/airflow/dags/dbt_incremental_dag.py
[2025-12-15T10:52:35.995+0000] {processor.py:914} INFO - Processing file /opt/airflow/dags/dbt_incremental_dag.py for tasks to queue
[2025-12-15T10:52:35.996+0000] {logging_mixin.py:190} INFO - [2025-12-15T10:52:35.996+0000] {dagbag.py:587} INFO - Filling up the DagBag from /opt/airflow/dags/dbt_incremental_dag.py
[2025-12-15T10:52:36.091+0000] {processor.py:925} INFO - DAG(s) 'pg_to_ch_dbt_incremental_dwh' retrieved from /opt/airflow/dags/dbt_incremental_dag.py
[2025-12-15T10:52:36.105+0000] {logging_mixin.py:190} INFO - [2025-12-15T10:52:36.105+0000] {dag.py:3211} INFO - Sync 1 DAGs
[2025-12-15T10:52:36.119+0000] {logging_mixin.py:190} INFO - [2025-12-15T10:52:36.119+0000] {dag.py:4138} INFO - Setting next_dagrun for pg_to_ch_dbt_incremental_dwh to 2025-12-15 10:20:00+00:00, run_after=2025-12-15 10:40:00+00:00
[2025-12-15T10:52:36.161+0000] {processor.py:208} INFO - Processing /opt/airflow/dags/dbt_incremental_dag.py took 0.171 seconds
[2025-12-15T10:53:06.473+0000] {processor.py:186} INFO - Started process (PID=962) to work on /opt/airflow/dags/dbt_incremental_dag.py
[2025-12-15T10:53:06.474+0000] {processor.py:914} INFO - Processing file /opt/airflow/dags/dbt_incremental_dag.py for tasks to queue
[2025-12-15T10:53:06.475+0000] {logging_mixin.py:190} INFO - [2025-12-15T10:53:06.475+0000] {dagbag.py:587} INFO - Filling up the DagBag from /opt/airflow/dags/dbt_incremental_dag.py
[2025-12-15T10:53:06.559+0000] {processor.py:925} INFO - DAG(s) 'pg_to_ch_dbt_incremental_dwh' retrieved from /opt/airflow/dags/dbt_incremental_dag.py
[2025-12-15T10:53:06.571+0000] {logging_mixin.py:190} INFO - [2025-12-15T10:53:06.571+0000] {dag.py:3211} INFO - Sync 1 DAGs
[2025-12-15T10:53:06.582+0000] {logging_mixin.py:190} INFO - [2025-12-15T10:53:06.582+0000] {dag.py:4138} INFO - Setting next_dagrun for pg_to_ch_dbt_incremental_dwh to 2025-12-15 10:20:00+00:00, run_after=2025-12-15 10:40:00+00:00
[2025-12-15T10:53:06.614+0000] {processor.py:208} INFO - Processing /opt/airflow/dags/dbt_incremental_dag.py took 0.145 seconds
[2025-12-15T10:53:36.893+0000] {processor.py:186} INFO - Started process (PID=966) to work on /opt/airflow/dags/dbt_incremental_dag.py
[2025-12-15T10:53:36.893+0000] {processor.py:914} INFO - Processing file /opt/airflow/dags/dbt_incremental_dag.py for tasks to queue
[2025-12-15T10:53:36.895+0000] {logging_mixin.py:190} INFO - [2025-12-15T10:53:36.895+0000] {dagbag.py:587} INFO - Filling up the DagBag from /opt/airflow/dags/dbt_incremental_dag.py
[2025-12-15T10:53:36.985+0000] {processor.py:925} INFO - DAG(s) 'pg_to_ch_dbt_incremental_dwh' retrieved from /opt/airflow/dags/dbt_incremental_dag.py
[2025-12-15T10:53:36.999+0000] {logging_mixin.py:190} INFO - [2025-12-15T10:53:36.999+0000] {dag.py:3211} INFO - Sync 1 DAGs
[2025-12-15T10:53:37.010+0000] {logging_mixin.py:190} INFO - [2025-12-15T10:53:37.010+0000] {dag.py:4138} INFO - Setting next_dagrun for pg_to_ch_dbt_incremental_dwh to 2025-12-15 10:20:00+00:00, run_after=2025-12-15 10:40:00+00:00
[2025-12-15T10:53:37.022+0000] {processor.py:208} INFO - Processing /opt/airflow/dags/dbt_incremental_dag.py took 0.134 seconds
[2025-12-15T10:54:07.833+0000] {processor.py:186} INFO - Started process (PID=970) to work on /opt/airflow/dags/dbt_incremental_dag.py
[2025-12-15T10:54:07.837+0000] {processor.py:914} INFO - Processing file /opt/airflow/dags/dbt_incremental_dag.py for tasks to queue
[2025-12-15T10:54:07.844+0000] {logging_mixin.py:190} INFO - [2025-12-15T10:54:07.843+0000] {dagbag.py:587} INFO - Filling up the DagBag from /opt/airflow/dags/dbt_incremental_dag.py
[2025-12-15T10:54:08.035+0000] {processor.py:925} INFO - DAG(s) 'pg_to_ch_dbt_incremental_dwh' retrieved from /opt/airflow/dags/dbt_incremental_dag.py
[2025-12-15T10:54:08.068+0000] {logging_mixin.py:190} INFO - [2025-12-15T10:54:08.068+0000] {dag.py:3211} INFO - Sync 1 DAGs
[2025-12-15T10:54:08.089+0000] {logging_mixin.py:190} INFO - [2025-12-15T10:54:08.089+0000] {dag.py:4138} INFO - Setting next_dagrun for pg_to_ch_dbt_incremental_dwh to 2025-12-15 10:20:00+00:00, run_after=2025-12-15 10:40:00+00:00
[2025-12-15T10:54:08.105+0000] {processor.py:208} INFO - Processing /opt/airflow/dags/dbt_incremental_dag.py took 0.295 seconds
[2025-12-15T10:54:38.538+0000] {processor.py:186} INFO - Started process (PID=974) to work on /opt/airflow/dags/dbt_incremental_dag.py
[2025-12-15T10:54:38.540+0000] {processor.py:914} INFO - Processing file /opt/airflow/dags/dbt_incremental_dag.py for tasks to queue
[2025-12-15T10:54:38.543+0000] {logging_mixin.py:190} INFO - [2025-12-15T10:54:38.542+0000] {dagbag.py:587} INFO - Filling up the DagBag from /opt/airflow/dags/dbt_incremental_dag.py
[2025-12-15T10:54:38.665+0000] {processor.py:925} INFO - DAG(s) 'pg_to_ch_dbt_incremental_dwh' retrieved from /opt/airflow/dags/dbt_incremental_dag.py
[2025-12-15T10:54:38.686+0000] {logging_mixin.py:190} INFO - [2025-12-15T10:54:38.686+0000] {dag.py:3211} INFO - Sync 1 DAGs
[2025-12-15T10:54:38.701+0000] {logging_mixin.py:190} INFO - [2025-12-15T10:54:38.700+0000] {dag.py:4138} INFO - Setting next_dagrun for pg_to_ch_dbt_incremental_dwh to 2025-12-15 10:20:00+00:00, run_after=2025-12-15 10:40:00+00:00
[2025-12-15T10:54:38.742+0000] {processor.py:208} INFO - Processing /opt/airflow/dags/dbt_incremental_dag.py took 0.212 seconds
[2025-12-15T10:55:09.133+0000] {processor.py:186} INFO - Started process (PID=978) to work on /opt/airflow/dags/dbt_incremental_dag.py
[2025-12-15T10:55:09.135+0000] {processor.py:914} INFO - Processing file /opt/airflow/dags/dbt_incremental_dag.py for tasks to queue
[2025-12-15T10:55:09.138+0000] {logging_mixin.py:190} INFO - [2025-12-15T10:55:09.138+0000] {dagbag.py:587} INFO - Filling up the DagBag from /opt/airflow/dags/dbt_incremental_dag.py
[2025-12-15T10:55:09.244+0000] {processor.py:925} INFO - DAG(s) 'pg_to_ch_dbt_incremental_dwh' retrieved from /opt/airflow/dags/dbt_incremental_dag.py
[2025-12-15T10:55:09.259+0000] {logging_mixin.py:190} INFO - [2025-12-15T10:55:09.258+0000] {dag.py:3211} INFO - Sync 1 DAGs
[2025-12-15T10:55:09.272+0000] {logging_mixin.py:190} INFO - [2025-12-15T10:55:09.272+0000] {dag.py:4138} INFO - Setting next_dagrun for pg_to_ch_dbt_incremental_dwh to 2025-12-15 10:20:00+00:00, run_after=2025-12-15 10:40:00+00:00
[2025-12-15T10:55:09.309+0000] {processor.py:208} INFO - Processing /opt/airflow/dags/dbt_incremental_dag.py took 0.186 seconds
[2025-12-15T10:55:39.627+0000] {processor.py:186} INFO - Started process (PID=982) to work on /opt/airflow/dags/dbt_incremental_dag.py
[2025-12-15T10:55:39.628+0000] {processor.py:914} INFO - Processing file /opt/airflow/dags/dbt_incremental_dag.py for tasks to queue
[2025-12-15T10:55:39.630+0000] {logging_mixin.py:190} INFO - [2025-12-15T10:55:39.630+0000] {dagbag.py:587} INFO - Filling up the DagBag from /opt/airflow/dags/dbt_incremental_dag.py
[2025-12-15T10:55:39.715+0000] {processor.py:925} INFO - DAG(s) 'pg_to_ch_dbt_incremental_dwh' retrieved from /opt/airflow/dags/dbt_incremental_dag.py
[2025-12-15T10:55:39.729+0000] {logging_mixin.py:190} INFO - [2025-12-15T10:55:39.729+0000] {dag.py:3211} INFO - Sync 1 DAGs
[2025-12-15T10:55:39.740+0000] {logging_mixin.py:190} INFO - [2025-12-15T10:55:39.740+0000] {dag.py:4138} INFO - Setting next_dagrun for pg_to_ch_dbt_incremental_dwh to 2025-12-15 10:20:00+00:00, run_after=2025-12-15 10:40:00+00:00
[2025-12-15T10:55:39.764+0000] {processor.py:208} INFO - Processing /opt/airflow/dags/dbt_incremental_dag.py took 0.142 seconds
[2025-12-15T10:56:10.098+0000] {processor.py:186} INFO - Started process (PID=986) to work on /opt/airflow/dags/dbt_incremental_dag.py
[2025-12-15T10:56:10.100+0000] {processor.py:914} INFO - Processing file /opt/airflow/dags/dbt_incremental_dag.py for tasks to queue
[2025-12-15T10:56:10.102+0000] {logging_mixin.py:190} INFO - [2025-12-15T10:56:10.101+0000] {dagbag.py:587} INFO - Filling up the DagBag from /opt/airflow/dags/dbt_incremental_dag.py
[2025-12-15T10:56:10.193+0000] {processor.py:925} INFO - DAG(s) 'pg_to_ch_dbt_incremental_dwh' retrieved from /opt/airflow/dags/dbt_incremental_dag.py
[2025-12-15T10:56:10.206+0000] {logging_mixin.py:190} INFO - [2025-12-15T10:56:10.206+0000] {dag.py:3211} INFO - Sync 1 DAGs
[2025-12-15T10:56:10.218+0000] {logging_mixin.py:190} INFO - [2025-12-15T10:56:10.218+0000] {dag.py:4138} INFO - Setting next_dagrun for pg_to_ch_dbt_incremental_dwh to 2025-12-15 10:20:00+00:00, run_after=2025-12-15 10:40:00+00:00
[2025-12-15T10:56:10.257+0000] {processor.py:208} INFO - Processing /opt/airflow/dags/dbt_incremental_dag.py took 0.164 seconds
[2025-12-15T10:56:40.622+0000] {processor.py:186} INFO - Started process (PID=990) to work on /opt/airflow/dags/dbt_incremental_dag.py
[2025-12-15T10:56:40.625+0000] {processor.py:914} INFO - Processing file /opt/airflow/dags/dbt_incremental_dag.py for tasks to queue
[2025-12-15T10:56:40.629+0000] {logging_mixin.py:190} INFO - [2025-12-15T10:56:40.628+0000] {dagbag.py:587} INFO - Filling up the DagBag from /opt/airflow/dags/dbt_incremental_dag.py
[2025-12-15T10:56:40.750+0000] {processor.py:925} INFO - DAG(s) 'pg_to_ch_dbt_incremental_dwh' retrieved from /opt/airflow/dags/dbt_incremental_dag.py
[2025-12-15T10:56:40.779+0000] {logging_mixin.py:190} INFO - [2025-12-15T10:56:40.779+0000] {dag.py:3211} INFO - Sync 1 DAGs
[2025-12-15T10:56:40.841+0000] {logging_mixin.py:190} INFO - [2025-12-15T10:56:40.841+0000] {dag.py:4138} INFO - Setting next_dagrun for pg_to_ch_dbt_incremental_dwh to 2025-12-15 10:20:00+00:00, run_after=2025-12-15 10:40:00+00:00
[2025-12-15T10:56:40.875+0000] {processor.py:208} INFO - Processing /opt/airflow/dags/dbt_incremental_dag.py took 0.260 seconds
[2025-12-15T10:57:11.239+0000] {processor.py:186} INFO - Started process (PID=994) to work on /opt/airflow/dags/dbt_incremental_dag.py
[2025-12-15T10:57:11.242+0000] {processor.py:914} INFO - Processing file /opt/airflow/dags/dbt_incremental_dag.py for tasks to queue
[2025-12-15T10:57:11.245+0000] {logging_mixin.py:190} INFO - [2025-12-15T10:57:11.244+0000] {dagbag.py:587} INFO - Filling up the DagBag from /opt/airflow/dags/dbt_incremental_dag.py
[2025-12-15T10:57:11.358+0000] {processor.py:925} INFO - DAG(s) 'pg_to_ch_dbt_incremental_dwh' retrieved from /opt/airflow/dags/dbt_incremental_dag.py
[2025-12-15T10:57:11.374+0000] {logging_mixin.py:190} INFO - [2025-12-15T10:57:11.374+0000] {dag.py:3211} INFO - Sync 1 DAGs
[2025-12-15T10:57:11.389+0000] {logging_mixin.py:190} INFO - [2025-12-15T10:57:11.389+0000] {dag.py:4138} INFO - Setting next_dagrun for pg_to_ch_dbt_incremental_dwh to 2025-12-15 10:20:00+00:00, run_after=2025-12-15 10:40:00+00:00
[2025-12-15T10:57:11.419+0000] {processor.py:208} INFO - Processing /opt/airflow/dags/dbt_incremental_dag.py took 0.186 seconds
[2025-12-15T10:57:41.782+0000] {processor.py:186} INFO - Started process (PID=998) to work on /opt/airflow/dags/dbt_incremental_dag.py
[2025-12-15T10:57:41.783+0000] {processor.py:914} INFO - Processing file /opt/airflow/dags/dbt_incremental_dag.py for tasks to queue
[2025-12-15T10:57:41.785+0000] {logging_mixin.py:190} INFO - [2025-12-15T10:57:41.784+0000] {dagbag.py:587} INFO - Filling up the DagBag from /opt/airflow/dags/dbt_incremental_dag.py
[2025-12-15T10:57:41.876+0000] {processor.py:925} INFO - DAG(s) 'pg_to_ch_dbt_incremental_dwh' retrieved from /opt/airflow/dags/dbt_incremental_dag.py
[2025-12-15T10:57:41.890+0000] {logging_mixin.py:190} INFO - [2025-12-15T10:57:41.890+0000] {dag.py:3211} INFO - Sync 1 DAGs
[2025-12-15T10:57:41.902+0000] {logging_mixin.py:190} INFO - [2025-12-15T10:57:41.902+0000] {dag.py:4138} INFO - Setting next_dagrun for pg_to_ch_dbt_incremental_dwh to 2025-12-15 10:20:00+00:00, run_after=2025-12-15 10:40:00+00:00
[2025-12-15T10:57:41.915+0000] {processor.py:208} INFO - Processing /opt/airflow/dags/dbt_incremental_dag.py took 0.140 seconds
[2025-12-15T10:58:12.242+0000] {processor.py:186} INFO - Started process (PID=1002) to work on /opt/airflow/dags/dbt_incremental_dag.py
[2025-12-15T10:58:12.243+0000] {processor.py:914} INFO - Processing file /opt/airflow/dags/dbt_incremental_dag.py for tasks to queue
[2025-12-15T10:58:12.244+0000] {logging_mixin.py:190} INFO - [2025-12-15T10:58:12.244+0000] {dagbag.py:587} INFO - Filling up the DagBag from /opt/airflow/dags/dbt_incremental_dag.py
[2025-12-15T10:58:12.324+0000] {processor.py:925} INFO - DAG(s) 'pg_to_ch_dbt_incremental_dwh' retrieved from /opt/airflow/dags/dbt_incremental_dag.py
[2025-12-15T10:58:12.336+0000] {logging_mixin.py:190} INFO - [2025-12-15T10:58:12.336+0000] {dag.py:3211} INFO - Sync 1 DAGs
[2025-12-15T10:58:12.351+0000] {logging_mixin.py:190} INFO - [2025-12-15T10:58:12.351+0000] {dag.py:4138} INFO - Setting next_dagrun for pg_to_ch_dbt_incremental_dwh to 2025-12-15 10:20:00+00:00, run_after=2025-12-15 10:40:00+00:00
[2025-12-15T10:58:12.394+0000] {processor.py:208} INFO - Processing /opt/airflow/dags/dbt_incremental_dag.py took 0.156 seconds
