[2025-12-15T10:46:59.990+0000] {processor.py:186} INFO - Started process (PID=915) to work on /opt/airflow/dags/pg_to_ch_dag.py
[2025-12-15T10:46:59.992+0000] {processor.py:914} INFO - Processing file /opt/airflow/dags/pg_to_ch_dag.py for tasks to queue
[2025-12-15T10:46:59.995+0000] {logging_mixin.py:190} INFO - [2025-12-15T10:46:59.995+0000] {dagbag.py:587} INFO - Filling up the DagBag from /opt/airflow/dags/pg_to_ch_dag.py
[2025-12-15T10:47:00.093+0000] {processor.py:925} INFO - DAG(s) 'pg_to_ch_simple_dwh' retrieved from /opt/airflow/dags/pg_to_ch_dag.py
[2025-12-15T10:47:00.106+0000] {logging_mixin.py:190} INFO - [2025-12-15T10:47:00.106+0000] {dag.py:3211} INFO - Sync 1 DAGs
[2025-12-15T10:47:00.121+0000] {logging_mixin.py:190} INFO - [2025-12-15T10:47:00.121+0000] {dag.py:4138} INFO - Setting next_dagrun for pg_to_ch_simple_dwh to 2025-12-15 10:30:00+00:00, run_after=2025-12-15 10:45:00+00:00
[2025-12-15T10:47:00.133+0000] {processor.py:208} INFO - Processing /opt/airflow/dags/pg_to_ch_dag.py took 0.164 seconds
[2025-12-15T10:47:30.460+0000] {processor.py:186} INFO - Started process (PID=919) to work on /opt/airflow/dags/pg_to_ch_dag.py
[2025-12-15T10:47:30.461+0000] {processor.py:914} INFO - Processing file /opt/airflow/dags/pg_to_ch_dag.py for tasks to queue
[2025-12-15T10:47:30.463+0000] {logging_mixin.py:190} INFO - [2025-12-15T10:47:30.462+0000] {dagbag.py:587} INFO - Filling up the DagBag from /opt/airflow/dags/pg_to_ch_dag.py
[2025-12-15T10:47:30.546+0000] {processor.py:925} INFO - DAG(s) 'pg_to_ch_simple_dwh' retrieved from /opt/airflow/dags/pg_to_ch_dag.py
[2025-12-15T10:47:30.559+0000] {logging_mixin.py:190} INFO - [2025-12-15T10:47:30.559+0000] {dag.py:3211} INFO - Sync 1 DAGs
[2025-12-15T10:47:30.571+0000] {logging_mixin.py:190} INFO - [2025-12-15T10:47:30.571+0000] {dag.py:4138} INFO - Setting next_dagrun for pg_to_ch_simple_dwh to 2025-12-15 10:30:00+00:00, run_after=2025-12-15 10:45:00+00:00
[2025-12-15T10:47:30.582+0000] {processor.py:208} INFO - Processing /opt/airflow/dags/pg_to_ch_dag.py took 0.126 seconds
[2025-12-15T10:48:00.895+0000] {processor.py:186} INFO - Started process (PID=923) to work on /opt/airflow/dags/pg_to_ch_dag.py
[2025-12-15T10:48:00.896+0000] {processor.py:914} INFO - Processing file /opt/airflow/dags/pg_to_ch_dag.py for tasks to queue
[2025-12-15T10:48:00.898+0000] {logging_mixin.py:190} INFO - [2025-12-15T10:48:00.897+0000] {dagbag.py:587} INFO - Filling up the DagBag from /opt/airflow/dags/pg_to_ch_dag.py
[2025-12-15T10:48:00.983+0000] {processor.py:925} INFO - DAG(s) 'pg_to_ch_simple_dwh' retrieved from /opt/airflow/dags/pg_to_ch_dag.py
[2025-12-15T10:48:00.997+0000] {logging_mixin.py:190} INFO - [2025-12-15T10:48:00.997+0000] {dag.py:3211} INFO - Sync 1 DAGs
[2025-12-15T10:48:01.010+0000] {logging_mixin.py:190} INFO - [2025-12-15T10:48:01.010+0000] {dag.py:4138} INFO - Setting next_dagrun for pg_to_ch_simple_dwh to 2025-12-15 10:30:00+00:00, run_after=2025-12-15 10:45:00+00:00
[2025-12-15T10:48:01.022+0000] {processor.py:208} INFO - Processing /opt/airflow/dags/pg_to_ch_dag.py took 0.131 seconds
[2025-12-15T10:48:31.803+0000] {processor.py:186} INFO - Started process (PID=927) to work on /opt/airflow/dags/pg_to_ch_dag.py
[2025-12-15T10:48:31.803+0000] {processor.py:914} INFO - Processing file /opt/airflow/dags/pg_to_ch_dag.py for tasks to queue
[2025-12-15T10:48:31.805+0000] {logging_mixin.py:190} INFO - [2025-12-15T10:48:31.805+0000] {dagbag.py:587} INFO - Filling up the DagBag from /opt/airflow/dags/pg_to_ch_dag.py
[2025-12-15T10:48:31.888+0000] {processor.py:925} INFO - DAG(s) 'pg_to_ch_simple_dwh' retrieved from /opt/airflow/dags/pg_to_ch_dag.py
[2025-12-15T10:48:31.901+0000] {logging_mixin.py:190} INFO - [2025-12-15T10:48:31.901+0000] {dag.py:3211} INFO - Sync 1 DAGs
[2025-12-15T10:48:31.915+0000] {logging_mixin.py:190} INFO - [2025-12-15T10:48:31.914+0000] {dag.py:4138} INFO - Setting next_dagrun for pg_to_ch_simple_dwh to 2025-12-15 10:30:00+00:00, run_after=2025-12-15 10:45:00+00:00
[2025-12-15T10:48:31.932+0000] {processor.py:208} INFO - Processing /opt/airflow/dags/pg_to_ch_dag.py took 0.133 seconds
[2025-12-15T10:49:03.585+0000] {processor.py:186} INFO - Started process (PID=931) to work on /opt/airflow/dags/pg_to_ch_dag.py
[2025-12-15T10:49:03.586+0000] {processor.py:914} INFO - Processing file /opt/airflow/dags/pg_to_ch_dag.py for tasks to queue
[2025-12-15T10:49:03.588+0000] {logging_mixin.py:190} INFO - [2025-12-15T10:49:03.587+0000] {dagbag.py:587} INFO - Filling up the DagBag from /opt/airflow/dags/pg_to_ch_dag.py
[2025-12-15T10:49:03.676+0000] {processor.py:925} INFO - DAG(s) 'pg_to_ch_simple_dwh' retrieved from /opt/airflow/dags/pg_to_ch_dag.py
[2025-12-15T10:49:03.695+0000] {logging_mixin.py:190} INFO - [2025-12-15T10:49:03.694+0000] {dag.py:3211} INFO - Sync 1 DAGs
[2025-12-15T10:49:03.711+0000] {logging_mixin.py:190} INFO - [2025-12-15T10:49:03.711+0000] {dag.py:4138} INFO - Setting next_dagrun for pg_to_ch_simple_dwh to 2025-12-15 10:30:00+00:00, run_after=2025-12-15 10:45:00+00:00
[2025-12-15T10:49:03.725+0000] {processor.py:208} INFO - Processing /opt/airflow/dags/pg_to_ch_dag.py took 0.144 seconds
[2025-12-15T10:49:34.192+0000] {processor.py:186} INFO - Started process (PID=935) to work on /opt/airflow/dags/pg_to_ch_dag.py
[2025-12-15T10:49:34.193+0000] {processor.py:914} INFO - Processing file /opt/airflow/dags/pg_to_ch_dag.py for tasks to queue
[2025-12-15T10:49:34.195+0000] {logging_mixin.py:190} INFO - [2025-12-15T10:49:34.195+0000] {dagbag.py:587} INFO - Filling up the DagBag from /opt/airflow/dags/pg_to_ch_dag.py
[2025-12-15T10:49:34.295+0000] {processor.py:925} INFO - DAG(s) 'pg_to_ch_simple_dwh' retrieved from /opt/airflow/dags/pg_to_ch_dag.py
[2025-12-15T10:49:34.309+0000] {logging_mixin.py:190} INFO - [2025-12-15T10:49:34.309+0000] {dag.py:3211} INFO - Sync 1 DAGs
[2025-12-15T10:49:34.323+0000] {logging_mixin.py:190} INFO - [2025-12-15T10:49:34.323+0000] {dag.py:4138} INFO - Setting next_dagrun for pg_to_ch_simple_dwh to 2025-12-15 10:30:00+00:00, run_after=2025-12-15 10:45:00+00:00
[2025-12-15T10:49:34.336+0000] {processor.py:208} INFO - Processing /opt/airflow/dags/pg_to_ch_dag.py took 0.150 seconds
[2025-12-15T10:50:04.690+0000] {processor.py:186} INFO - Started process (PID=939) to work on /opt/airflow/dags/pg_to_ch_dag.py
[2025-12-15T10:50:04.692+0000] {processor.py:914} INFO - Processing file /opt/airflow/dags/pg_to_ch_dag.py for tasks to queue
[2025-12-15T10:50:04.694+0000] {logging_mixin.py:190} INFO - [2025-12-15T10:50:04.693+0000] {dagbag.py:587} INFO - Filling up the DagBag from /opt/airflow/dags/pg_to_ch_dag.py
[2025-12-15T10:50:04.807+0000] {processor.py:925} INFO - DAG(s) 'pg_to_ch_simple_dwh' retrieved from /opt/airflow/dags/pg_to_ch_dag.py
[2025-12-15T10:50:04.833+0000] {logging_mixin.py:190} INFO - [2025-12-15T10:50:04.833+0000] {dag.py:3211} INFO - Sync 1 DAGs
[2025-12-15T10:50:04.852+0000] {logging_mixin.py:190} INFO - [2025-12-15T10:50:04.852+0000] {dag.py:4138} INFO - Setting next_dagrun for pg_to_ch_simple_dwh to 2025-12-15 10:30:00+00:00, run_after=2025-12-15 10:45:00+00:00
[2025-12-15T10:50:04.870+0000] {processor.py:208} INFO - Processing /opt/airflow/dags/pg_to_ch_dag.py took 0.188 seconds
[2025-12-15T10:50:35.119+0000] {processor.py:186} INFO - Started process (PID=943) to work on /opt/airflow/dags/pg_to_ch_dag.py
[2025-12-15T10:50:35.120+0000] {processor.py:914} INFO - Processing file /opt/airflow/dags/pg_to_ch_dag.py for tasks to queue
[2025-12-15T10:50:35.122+0000] {logging_mixin.py:190} INFO - [2025-12-15T10:50:35.121+0000] {dagbag.py:587} INFO - Filling up the DagBag from /opt/airflow/dags/pg_to_ch_dag.py
[2025-12-15T10:50:35.203+0000] {processor.py:925} INFO - DAG(s) 'pg_to_ch_simple_dwh' retrieved from /opt/airflow/dags/pg_to_ch_dag.py
[2025-12-15T10:50:35.215+0000] {logging_mixin.py:190} INFO - [2025-12-15T10:50:35.215+0000] {dag.py:3211} INFO - Sync 1 DAGs
[2025-12-15T10:50:35.228+0000] {logging_mixin.py:190} INFO - [2025-12-15T10:50:35.227+0000] {dag.py:4138} INFO - Setting next_dagrun for pg_to_ch_simple_dwh to 2025-12-15 10:30:00+00:00, run_after=2025-12-15 10:45:00+00:00
[2025-12-15T10:50:35.240+0000] {processor.py:208} INFO - Processing /opt/airflow/dags/pg_to_ch_dag.py took 0.125 seconds
[2025-12-15T10:51:05.654+0000] {processor.py:186} INFO - Started process (PID=947) to work on /opt/airflow/dags/pg_to_ch_dag.py
[2025-12-15T10:51:05.655+0000] {processor.py:914} INFO - Processing file /opt/airflow/dags/pg_to_ch_dag.py for tasks to queue
[2025-12-15T10:51:05.657+0000] {logging_mixin.py:190} INFO - [2025-12-15T10:51:05.657+0000] {dagbag.py:587} INFO - Filling up the DagBag from /opt/airflow/dags/pg_to_ch_dag.py
[2025-12-15T10:51:05.756+0000] {processor.py:925} INFO - DAG(s) 'pg_to_ch_simple_dwh' retrieved from /opt/airflow/dags/pg_to_ch_dag.py
[2025-12-15T10:51:05.772+0000] {logging_mixin.py:190} INFO - [2025-12-15T10:51:05.772+0000] {dag.py:3211} INFO - Sync 1 DAGs
[2025-12-15T10:51:05.787+0000] {logging_mixin.py:190} INFO - [2025-12-15T10:51:05.787+0000] {dag.py:4138} INFO - Setting next_dagrun for pg_to_ch_simple_dwh to 2025-12-15 10:30:00+00:00, run_after=2025-12-15 10:45:00+00:00
[2025-12-15T10:51:05.800+0000] {processor.py:208} INFO - Processing /opt/airflow/dags/pg_to_ch_dag.py took 0.152 seconds
[2025-12-15T10:51:36.207+0000] {processor.py:186} INFO - Started process (PID=951) to work on /opt/airflow/dags/pg_to_ch_dag.py
[2025-12-15T10:51:36.208+0000] {processor.py:914} INFO - Processing file /opt/airflow/dags/pg_to_ch_dag.py for tasks to queue
[2025-12-15T10:51:36.209+0000] {logging_mixin.py:190} INFO - [2025-12-15T10:51:36.209+0000] {dagbag.py:587} INFO - Filling up the DagBag from /opt/airflow/dags/pg_to_ch_dag.py
[2025-12-15T10:51:36.290+0000] {processor.py:925} INFO - DAG(s) 'pg_to_ch_simple_dwh' retrieved from /opt/airflow/dags/pg_to_ch_dag.py
[2025-12-15T10:51:36.302+0000] {logging_mixin.py:190} INFO - [2025-12-15T10:51:36.302+0000] {dag.py:3211} INFO - Sync 1 DAGs
[2025-12-15T10:51:36.312+0000] {logging_mixin.py:190} INFO - [2025-12-15T10:51:36.312+0000] {dag.py:4138} INFO - Setting next_dagrun for pg_to_ch_simple_dwh to 2025-12-15 10:30:00+00:00, run_after=2025-12-15 10:45:00+00:00
[2025-12-15T10:51:36.326+0000] {processor.py:208} INFO - Processing /opt/airflow/dags/pg_to_ch_dag.py took 0.123 seconds
[2025-12-15T10:52:06.673+0000] {processor.py:186} INFO - Started process (PID=955) to work on /opt/airflow/dags/pg_to_ch_dag.py
[2025-12-15T10:52:06.674+0000] {processor.py:914} INFO - Processing file /opt/airflow/dags/pg_to_ch_dag.py for tasks to queue
[2025-12-15T10:52:06.675+0000] {logging_mixin.py:190} INFO - [2025-12-15T10:52:06.675+0000] {dagbag.py:587} INFO - Filling up the DagBag from /opt/airflow/dags/pg_to_ch_dag.py
[2025-12-15T10:52:06.762+0000] {processor.py:925} INFO - DAG(s) 'pg_to_ch_simple_dwh' retrieved from /opt/airflow/dags/pg_to_ch_dag.py
[2025-12-15T10:52:06.775+0000] {logging_mixin.py:190} INFO - [2025-12-15T10:52:06.775+0000] {dag.py:3211} INFO - Sync 1 DAGs
[2025-12-15T10:52:06.787+0000] {logging_mixin.py:190} INFO - [2025-12-15T10:52:06.786+0000] {dag.py:4138} INFO - Setting next_dagrun for pg_to_ch_simple_dwh to 2025-12-15 10:30:00+00:00, run_after=2025-12-15 10:45:00+00:00
[2025-12-15T10:52:06.797+0000] {processor.py:208} INFO - Processing /opt/airflow/dags/pg_to_ch_dag.py took 0.127 seconds
[2025-12-15T10:52:37.248+0000] {processor.py:186} INFO - Started process (PID=959) to work on /opt/airflow/dags/pg_to_ch_dag.py
[2025-12-15T10:52:37.249+0000] {processor.py:914} INFO - Processing file /opt/airflow/dags/pg_to_ch_dag.py for tasks to queue
[2025-12-15T10:52:37.251+0000] {logging_mixin.py:190} INFO - [2025-12-15T10:52:37.251+0000] {dagbag.py:587} INFO - Filling up the DagBag from /opt/airflow/dags/pg_to_ch_dag.py
[2025-12-15T10:52:37.333+0000] {processor.py:925} INFO - DAG(s) 'pg_to_ch_simple_dwh' retrieved from /opt/airflow/dags/pg_to_ch_dag.py
[2025-12-15T10:52:37.347+0000] {logging_mixin.py:190} INFO - [2025-12-15T10:52:37.346+0000] {dag.py:3211} INFO - Sync 1 DAGs
[2025-12-15T10:52:37.358+0000] {logging_mixin.py:190} INFO - [2025-12-15T10:52:37.357+0000] {dag.py:4138} INFO - Setting next_dagrun for pg_to_ch_simple_dwh to 2025-12-15 10:30:00+00:00, run_after=2025-12-15 10:45:00+00:00
[2025-12-15T10:52:37.370+0000] {processor.py:208} INFO - Processing /opt/airflow/dags/pg_to_ch_dag.py took 0.126 seconds
[2025-12-15T10:53:07.727+0000] {processor.py:186} INFO - Started process (PID=963) to work on /opt/airflow/dags/pg_to_ch_dag.py
[2025-12-15T10:53:07.728+0000] {processor.py:914} INFO - Processing file /opt/airflow/dags/pg_to_ch_dag.py for tasks to queue
[2025-12-15T10:53:07.729+0000] {logging_mixin.py:190} INFO - [2025-12-15T10:53:07.729+0000] {dagbag.py:587} INFO - Filling up the DagBag from /opt/airflow/dags/pg_to_ch_dag.py
[2025-12-15T10:53:07.810+0000] {processor.py:925} INFO - DAG(s) 'pg_to_ch_simple_dwh' retrieved from /opt/airflow/dags/pg_to_ch_dag.py
[2025-12-15T10:53:07.823+0000] {logging_mixin.py:190} INFO - [2025-12-15T10:53:07.822+0000] {dag.py:3211} INFO - Sync 1 DAGs
[2025-12-15T10:53:07.834+0000] {logging_mixin.py:190} INFO - [2025-12-15T10:53:07.834+0000] {dag.py:4138} INFO - Setting next_dagrun for pg_to_ch_simple_dwh to 2025-12-15 10:30:00+00:00, run_after=2025-12-15 10:45:00+00:00
[2025-12-15T10:53:07.845+0000] {processor.py:208} INFO - Processing /opt/airflow/dags/pg_to_ch_dag.py took 0.125 seconds
[2025-12-15T10:53:38.130+0000] {processor.py:186} INFO - Started process (PID=967) to work on /opt/airflow/dags/pg_to_ch_dag.py
[2025-12-15T10:53:38.130+0000] {processor.py:914} INFO - Processing file /opt/airflow/dags/pg_to_ch_dag.py for tasks to queue
[2025-12-15T10:53:38.132+0000] {logging_mixin.py:190} INFO - [2025-12-15T10:53:38.131+0000] {dagbag.py:587} INFO - Filling up the DagBag from /opt/airflow/dags/pg_to_ch_dag.py
[2025-12-15T10:53:38.212+0000] {processor.py:925} INFO - DAG(s) 'pg_to_ch_simple_dwh' retrieved from /opt/airflow/dags/pg_to_ch_dag.py
[2025-12-15T10:53:38.225+0000] {logging_mixin.py:190} INFO - [2025-12-15T10:53:38.225+0000] {dag.py:3211} INFO - Sync 1 DAGs
[2025-12-15T10:53:38.236+0000] {logging_mixin.py:190} INFO - [2025-12-15T10:53:38.236+0000] {dag.py:4138} INFO - Setting next_dagrun for pg_to_ch_simple_dwh to 2025-12-15 10:30:00+00:00, run_after=2025-12-15 10:45:00+00:00
[2025-12-15T10:53:38.247+0000] {processor.py:208} INFO - Processing /opt/airflow/dags/pg_to_ch_dag.py took 0.121 seconds
[2025-12-15T10:54:09.281+0000] {processor.py:186} INFO - Started process (PID=971) to work on /opt/airflow/dags/pg_to_ch_dag.py
[2025-12-15T10:54:09.282+0000] {processor.py:914} INFO - Processing file /opt/airflow/dags/pg_to_ch_dag.py for tasks to queue
[2025-12-15T10:54:09.283+0000] {logging_mixin.py:190} INFO - [2025-12-15T10:54:09.283+0000] {dagbag.py:587} INFO - Filling up the DagBag from /opt/airflow/dags/pg_to_ch_dag.py
[2025-12-15T10:54:09.368+0000] {processor.py:925} INFO - DAG(s) 'pg_to_ch_simple_dwh' retrieved from /opt/airflow/dags/pg_to_ch_dag.py
[2025-12-15T10:54:09.382+0000] {logging_mixin.py:190} INFO - [2025-12-15T10:54:09.382+0000] {dag.py:3211} INFO - Sync 1 DAGs
[2025-12-15T10:54:09.393+0000] {logging_mixin.py:190} INFO - [2025-12-15T10:54:09.393+0000] {dag.py:4138} INFO - Setting next_dagrun for pg_to_ch_simple_dwh to 2025-12-15 10:30:00+00:00, run_after=2025-12-15 10:45:00+00:00
[2025-12-15T10:54:09.406+0000] {processor.py:208} INFO - Processing /opt/airflow/dags/pg_to_ch_dag.py took 0.130 seconds
[2025-12-15T10:54:39.900+0000] {processor.py:186} INFO - Started process (PID=975) to work on /opt/airflow/dags/pg_to_ch_dag.py
[2025-12-15T10:54:39.901+0000] {processor.py:914} INFO - Processing file /opt/airflow/dags/pg_to_ch_dag.py for tasks to queue
[2025-12-15T10:54:39.903+0000] {logging_mixin.py:190} INFO - [2025-12-15T10:54:39.902+0000] {dagbag.py:587} INFO - Filling up the DagBag from /opt/airflow/dags/pg_to_ch_dag.py
[2025-12-15T10:54:39.987+0000] {processor.py:925} INFO - DAG(s) 'pg_to_ch_simple_dwh' retrieved from /opt/airflow/dags/pg_to_ch_dag.py
[2025-12-15T10:54:40.000+0000] {logging_mixin.py:190} INFO - [2025-12-15T10:54:40.000+0000] {dag.py:3211} INFO - Sync 1 DAGs
[2025-12-15T10:54:40.013+0000] {logging_mixin.py:190} INFO - [2025-12-15T10:54:40.013+0000] {dag.py:4138} INFO - Setting next_dagrun for pg_to_ch_simple_dwh to 2025-12-15 10:30:00+00:00, run_after=2025-12-15 10:45:00+00:00
[2025-12-15T10:54:40.028+0000] {processor.py:208} INFO - Processing /opt/airflow/dags/pg_to_ch_dag.py took 0.132 seconds
[2025-12-15T10:55:10.436+0000] {processor.py:186} INFO - Started process (PID=979) to work on /opt/airflow/dags/pg_to_ch_dag.py
[2025-12-15T10:55:10.439+0000] {processor.py:914} INFO - Processing file /opt/airflow/dags/pg_to_ch_dag.py for tasks to queue
[2025-12-15T10:55:10.459+0000] {logging_mixin.py:190} INFO - [2025-12-15T10:55:10.454+0000] {dagbag.py:587} INFO - Filling up the DagBag from /opt/airflow/dags/pg_to_ch_dag.py
[2025-12-15T10:55:10.641+0000] {processor.py:925} INFO - DAG(s) 'pg_to_ch_simple_dwh' retrieved from /opt/airflow/dags/pg_to_ch_dag.py
[2025-12-15T10:55:10.667+0000] {logging_mixin.py:190} INFO - [2025-12-15T10:55:10.667+0000] {dag.py:3211} INFO - Sync 1 DAGs
[2025-12-15T10:55:10.687+0000] {logging_mixin.py:190} INFO - [2025-12-15T10:55:10.687+0000] {dag.py:4138} INFO - Setting next_dagrun for pg_to_ch_simple_dwh to 2025-12-15 10:30:00+00:00, run_after=2025-12-15 10:45:00+00:00
[2025-12-15T10:55:10.705+0000] {processor.py:208} INFO - Processing /opt/airflow/dags/pg_to_ch_dag.py took 0.302 seconds
[2025-12-15T10:55:40.873+0000] {processor.py:186} INFO - Started process (PID=983) to work on /opt/airflow/dags/pg_to_ch_dag.py
[2025-12-15T10:55:40.875+0000] {processor.py:914} INFO - Processing file /opt/airflow/dags/pg_to_ch_dag.py for tasks to queue
[2025-12-15T10:55:40.877+0000] {logging_mixin.py:190} INFO - [2025-12-15T10:55:40.877+0000] {dagbag.py:587} INFO - Filling up the DagBag from /opt/airflow/dags/pg_to_ch_dag.py
[2025-12-15T10:55:40.962+0000] {processor.py:925} INFO - DAG(s) 'pg_to_ch_simple_dwh' retrieved from /opt/airflow/dags/pg_to_ch_dag.py
[2025-12-15T10:55:40.975+0000] {logging_mixin.py:190} INFO - [2025-12-15T10:55:40.975+0000] {dag.py:3211} INFO - Sync 1 DAGs
[2025-12-15T10:55:40.987+0000] {logging_mixin.py:190} INFO - [2025-12-15T10:55:40.987+0000] {dag.py:4138} INFO - Setting next_dagrun for pg_to_ch_simple_dwh to 2025-12-15 10:30:00+00:00, run_after=2025-12-15 10:45:00+00:00
[2025-12-15T10:55:41.002+0000] {processor.py:208} INFO - Processing /opt/airflow/dags/pg_to_ch_dag.py took 0.133 seconds
[2025-12-15T10:56:11.426+0000] {processor.py:186} INFO - Started process (PID=987) to work on /opt/airflow/dags/pg_to_ch_dag.py
[2025-12-15T10:56:11.427+0000] {processor.py:914} INFO - Processing file /opt/airflow/dags/pg_to_ch_dag.py for tasks to queue
[2025-12-15T10:56:11.429+0000] {logging_mixin.py:190} INFO - [2025-12-15T10:56:11.429+0000] {dagbag.py:587} INFO - Filling up the DagBag from /opt/airflow/dags/pg_to_ch_dag.py
[2025-12-15T10:56:11.573+0000] {processor.py:925} INFO - DAG(s) 'pg_to_ch_simple_dwh' retrieved from /opt/airflow/dags/pg_to_ch_dag.py
[2025-12-15T10:56:11.594+0000] {logging_mixin.py:190} INFO - [2025-12-15T10:56:11.594+0000] {dag.py:3211} INFO - Sync 1 DAGs
[2025-12-15T10:56:11.609+0000] {logging_mixin.py:190} INFO - [2025-12-15T10:56:11.609+0000] {dag.py:4138} INFO - Setting next_dagrun for pg_to_ch_simple_dwh to 2025-12-15 10:30:00+00:00, run_after=2025-12-15 10:45:00+00:00
[2025-12-15T10:56:11.624+0000] {processor.py:208} INFO - Processing /opt/airflow/dags/pg_to_ch_dag.py took 0.205 seconds
[2025-12-15T10:56:41.969+0000] {processor.py:186} INFO - Started process (PID=991) to work on /opt/airflow/dags/pg_to_ch_dag.py
[2025-12-15T10:56:41.970+0000] {processor.py:914} INFO - Processing file /opt/airflow/dags/pg_to_ch_dag.py for tasks to queue
[2025-12-15T10:56:41.972+0000] {logging_mixin.py:190} INFO - [2025-12-15T10:56:41.972+0000] {dagbag.py:587} INFO - Filling up the DagBag from /opt/airflow/dags/pg_to_ch_dag.py
[2025-12-15T10:56:42.067+0000] {processor.py:925} INFO - DAG(s) 'pg_to_ch_simple_dwh' retrieved from /opt/airflow/dags/pg_to_ch_dag.py
[2025-12-15T10:56:42.082+0000] {logging_mixin.py:190} INFO - [2025-12-15T10:56:42.082+0000] {dag.py:3211} INFO - Sync 1 DAGs
[2025-12-15T10:56:42.096+0000] {logging_mixin.py:190} INFO - [2025-12-15T10:56:42.096+0000] {dag.py:4138} INFO - Setting next_dagrun for pg_to_ch_simple_dwh to 2025-12-15 10:30:00+00:00, run_after=2025-12-15 10:45:00+00:00
[2025-12-15T10:56:42.110+0000] {processor.py:208} INFO - Processing /opt/airflow/dags/pg_to_ch_dag.py took 0.146 seconds
[2025-12-15T10:57:12.565+0000] {processor.py:186} INFO - Started process (PID=995) to work on /opt/airflow/dags/pg_to_ch_dag.py
[2025-12-15T10:57:12.567+0000] {processor.py:914} INFO - Processing file /opt/airflow/dags/pg_to_ch_dag.py for tasks to queue
[2025-12-15T10:57:12.570+0000] {logging_mixin.py:190} INFO - [2025-12-15T10:57:12.570+0000] {dagbag.py:587} INFO - Filling up the DagBag from /opt/airflow/dags/pg_to_ch_dag.py
[2025-12-15T10:57:12.676+0000] {processor.py:925} INFO - DAG(s) 'pg_to_ch_simple_dwh' retrieved from /opt/airflow/dags/pg_to_ch_dag.py
[2025-12-15T10:57:12.698+0000] {logging_mixin.py:190} INFO - [2025-12-15T10:57:12.698+0000] {dag.py:3211} INFO - Sync 1 DAGs
[2025-12-15T10:57:12.721+0000] {logging_mixin.py:190} INFO - [2025-12-15T10:57:12.720+0000] {dag.py:4138} INFO - Setting next_dagrun for pg_to_ch_simple_dwh to 2025-12-15 10:30:00+00:00, run_after=2025-12-15 10:45:00+00:00
[2025-12-15T10:57:12.739+0000] {processor.py:208} INFO - Processing /opt/airflow/dags/pg_to_ch_dag.py took 0.184 seconds
[2025-12-15T10:57:43.040+0000] {processor.py:186} INFO - Started process (PID=999) to work on /opt/airflow/dags/pg_to_ch_dag.py
[2025-12-15T10:57:43.041+0000] {processor.py:914} INFO - Processing file /opt/airflow/dags/pg_to_ch_dag.py for tasks to queue
[2025-12-15T10:57:43.043+0000] {logging_mixin.py:190} INFO - [2025-12-15T10:57:43.042+0000] {dagbag.py:587} INFO - Filling up the DagBag from /opt/airflow/dags/pg_to_ch_dag.py
[2025-12-15T10:57:43.127+0000] {processor.py:925} INFO - DAG(s) 'pg_to_ch_simple_dwh' retrieved from /opt/airflow/dags/pg_to_ch_dag.py
[2025-12-15T10:57:43.141+0000] {logging_mixin.py:190} INFO - [2025-12-15T10:57:43.141+0000] {dag.py:3211} INFO - Sync 1 DAGs
[2025-12-15T10:57:43.153+0000] {logging_mixin.py:190} INFO - [2025-12-15T10:57:43.153+0000] {dag.py:4138} INFO - Setting next_dagrun for pg_to_ch_simple_dwh to 2025-12-15 10:30:00+00:00, run_after=2025-12-15 10:45:00+00:00
[2025-12-15T10:57:43.165+0000] {processor.py:208} INFO - Processing /opt/airflow/dags/pg_to_ch_dag.py took 0.135 seconds
[2025-12-15T10:58:13.840+0000] {processor.py:186} INFO - Started process (PID=1003) to work on /opt/airflow/dags/pg_to_ch_dag.py
[2025-12-15T10:58:13.841+0000] {processor.py:914} INFO - Processing file /opt/airflow/dags/pg_to_ch_dag.py for tasks to queue
[2025-12-15T10:58:13.842+0000] {logging_mixin.py:190} INFO - [2025-12-15T10:58:13.842+0000] {dagbag.py:587} INFO - Filling up the DagBag from /opt/airflow/dags/pg_to_ch_dag.py
[2025-12-15T10:58:13.925+0000] {processor.py:925} INFO - DAG(s) 'pg_to_ch_simple_dwh' retrieved from /opt/airflow/dags/pg_to_ch_dag.py
[2025-12-15T10:58:13.939+0000] {logging_mixin.py:190} INFO - [2025-12-15T10:58:13.939+0000] {dag.py:3211} INFO - Sync 1 DAGs
[2025-12-15T10:58:13.951+0000] {logging_mixin.py:190} INFO - [2025-12-15T10:58:13.951+0000] {dag.py:4138} INFO - Setting next_dagrun for pg_to_ch_simple_dwh to 2025-12-15 10:30:00+00:00, run_after=2025-12-15 10:45:00+00:00
[2025-12-15T10:58:13.962+0000] {processor.py:208} INFO - Processing /opt/airflow/dags/pg_to_ch_dag.py took 0.131 seconds
